Removed Pin From Net: NetName=GND Pin=DA1-4
Removed Pin From Net: NetName=GND Pin=R2-1
Removed Pin From Net: NetName=GND Pin=R3-1
Removed Pin From Net: NetName=NetC1_2 Pin=VD2-2
Removed Pin From Net: NetName=NetC1_2 Pin=VD3-2
Removed Member From Class: ClassName=wtc Member=DA1
Removed Member From Class: ClassName=wtc Member=R1
Added Component: Designator=R4(CH0402R)
Add component (AddParameter): Name = "ComponentKind"; Value = ""; VariantName = "[No Variations]"
Add component (AddParameter): Name = "HelpURL"; Value = ""; VariantName = "[No Variations]"
Add component (AddParameter): Name = "Manufacturer"; Value = ""; VariantName = "[No Variations]"
Add component (AddParameter): Name = "Model"; Value = ""; VariantName = "[No Variations]"
Add component (AddParameter): Name = "Value"; Value = ""; VariantName = "[No Variations]"
Added Component: Designator=VT1(SOT23)
Added Pin To Net: NetName=NetC1_2 Pin=R2-2
Added Pin To Net: NetName=NetC1_2 Pin=R3-2
Added Pin To Net: NetName=NetC1_2 Pin=R4-2
Added Pin To Net: NetName=GND Pin=VD2-1
Added Pin To Net: NetName=GND Pin=VT1-3
Added Pin To Net: NetName=NetR2_1 Pin=R2-1
Added Pin To Net: NetName=NetR2_1 Pin=VD3-2
Added Net: Name=NetR2_1
Added Pin To Net: NetName=NetR3_1 Pin=R3-1
Added Pin To Net: NetName=NetR3_1 Pin=VD2-2
Added Net: Name=NetR3_1
Added Pin To Net: NetName=NetR4_1 Pin=R4-1
Added Pin To Net: NetName=NetR4_1 Pin=VT1-2
Added Net: Name=NetR4_1
Added Pin To Net: NetName=NetVD3_1 Pin=VD3-1
Added Pin To Net: NetName=NetVD3_1 Pin=VT1-1
Added Net: Name=NetVD3_1
Added Member To Class: ClassName=wtc Member=Component R4 100
Added Member To Class: ClassName=wtc Member=Component VT1 VT_SOT23
