Added Component: Designator=C11(CH0402C)
Add component (AddParameter): Name = "ComponentKind"; Value = ""; VariantName = "[No Variations]"
Add component (AddParameter): Name = "HelpURL"; Value = ""; VariantName = "[No Variations]"
Add component (AddParameter): Name = "Manufacturer"; Value = ""; VariantName = "[No Variations]"
Add component (AddParameter): Name = "Model"; Value = ""; VariantName = "[No Variations]"
Add component (AddParameter): Name = "Value"; Value = ""; VariantName = "[No Variations]"
Added Component: Designator=C12(CH0402C)
Add component (AddParameter): Name = "ComponentKind"; Value = ""; VariantName = "[No Variations]"
Add component (AddParameter): Name = "HelpURL"; Value = ""; VariantName = "[No Variations]"
Add component (AddParameter): Name = "Manufacturer"; Value = ""; VariantName = "[No Variations]"
Add component (AddParameter): Name = "Model"; Value = ""; VariantName = "[No Variations]"
Add component (AddParameter): Name = "Value"; Value = ""; VariantName = "[No Variations]"
Added Component: Designator=R1(CH0603R)
Add component (AddParameter): Name = "ComponentKind"; Value = ""; VariantName = "[No Variations]"
Add component (AddParameter): Name = "HelpURL"; Value = ""; VariantName = "[No Variations]"
Add component (AddParameter): Name = "Manufacturer"; Value = ""; VariantName = "[No Variations]"
Add component (AddParameter): Name = "Model"; Value = ""; VariantName = "[No Variations]"
Add component (AddParameter): Name = "Value"; Value = ""; VariantName = "[No Variations]"
Added Component: Designator=R5(CH0603R)
Add component (AddParameter): Name = "ComponentKind"; Value = ""; VariantName = "[No Variations]"
Add component (AddParameter): Name = "HelpURL"; Value = ""; VariantName = "[No Variations]"
Add component (AddParameter): Name = "Manufacturer"; Value = ""; VariantName = "[No Variations]"
Add component (AddParameter): Name = "Model"; Value = ""; VariantName = "[No Variations]"
Add component (AddParameter): Name = "Value"; Value = ""; VariantName = "[No Variations]"
Added Component: Designator=VT2(SOT223_123)
Add component (AddParameter): Name = "ComponentKind"; Value = ""; VariantName = "[No Variations]"
Add component (AddParameter): Name = "HelpURL"; Value = ""; VariantName = "[No Variations]"
Add component (AddParameter): Name = "Manufacturer"; Value = ""; VariantName = "[No Variations]"
Add component (AddParameter): Name = "Model"; Value = ""; VariantName = "[No Variations]"
Added Component: Designator=VT3(SOT223_123)
Add component (AddParameter): Name = "ComponentKind"; Value = ""; VariantName = "[No Variations]"
Add component (AddParameter): Name = "HelpURL"; Value = ""; VariantName = "[No Variations]"
Add component (AddParameter): Name = "Manufacturer"; Value = ""; VariantName = "[No Variations]"
Add component (AddParameter): Name = "Model"; Value = ""; VariantName = "[No Variations]"
Added Pin To Net: NetName=GND Pin=R1-1
Added Pin To Net: NetName=GND Pin=R5-1
Added Pin To Net: NetName=GND Pin=VT2-2
Added Pin To Net: NetName=GND Pin=VT3-2
Added Pin To Net: NetName=NetC11_1 Pin=C11-1
Added Pin To Net: NetName=NetC11_1 Pin=C12-2
Added Pin To Net: NetName=NetC11_1 Pin=X5-2
Added Net: Name=NetC11_1
Added Pin To Net: NetName=NetC11_2 Pin=C11-2
Added Pin To Net: NetName=NetC11_2 Pin=VT2-3
Added Pin To Net: NetName=NetC11_2 Pin=VT2-3
Added Pin To Net: NetName=NetC11_2 Pin=X5-1
Added Net: Name=NetC11_2
Added Pin To Net: NetName=NetC12_1 Pin=C12-1
Added Pin To Net: NetName=NetC12_1 Pin=VT3-3
Added Pin To Net: NetName=NetC12_1 Pin=VT3-3
Added Pin To Net: NetName=NetC12_1 Pin=X5-3
Added Net: Name=NetC12_1
Added Pin To Net: NetName=NetDD2_22 Pin=DD2-22
Added Pin To Net: NetName=NetDD2_22 Pin=R1-2
Added Pin To Net: NetName=NetDD2_22 Pin=VT2-1
Added Net: Name=NetDD2_22
Added Pin To Net: NetName=NetDD2_23 Pin=DD2-23
Added Pin To Net: NetName=NetDD2_23 Pin=R5-2
Added Pin To Net: NetName=NetDD2_23 Pin=VT3-1
Added Net: Name=NetDD2_23
Added Member To Class: ClassName=wtc_sh2 Member=Component C11 *
Added Member To Class: ClassName=wtc_sh2 Member=Component C12 *
Added Member To Class: ClassName=wtc_sh2 Member=Component R1 *
Added Member To Class: ClassName=wtc_sh2 Member=Component R5 *
Added Member To Class: ClassName=wtc_sh2 Member=Component VT2 *
Added Member To Class: ClassName=wtc_sh2 Member=Component VT3 *
