Change Component Designator: OldDesignator=C? NewDesignator=C1
Change Component Designator: OldDesignator=C? NewDesignator=C2
Change Component Designator: OldDesignator=DA? NewDesignator=DA4
Change Component Designator: OldDesignator=VD? NewDesignator=VD1
Change Component Designator: OldDesignator=X? NewDesignator=X1
Change Component Designator: OldDesignator=X? NewDesignator=X2
Change Component Designator: OldDesignator=X? NewDesignator=X3
Change Component Designator: OldDesignator=X? NewDesignator=X4
Change Net Name : Old Net Name=NetVD?_1 New Net Name=NetVD1_1
Added Pin To Net: NetName=NetC1_2 Pin=C1-2
Added Net: Name=NetC1_2
Added Pin To Net: NetName=NetC2_2 Pin=C2-2
Added Pin To Net: NetName=NetC2_2 Pin=VD1-2
Added Net: Name=NetC2_2
Added Pin To Net: NetName=NetDD1_2 Pin=X1-1
Added Net: Name=NetDD1_2
Added Pin To Net: NetName=NetDD1_3 Pin=X1-2
Added Net: Name=NetDD1_3
Added Net: Name=NetDD1_7
Added Net: Name=NetDD1_8
Added Net: Name=NetDD1_11
Added Member To Class: ClassName=wtc_sh2 Member=Component C1 0,1uF
Added Member To Class: ClassName=wtc_sh2 Member=Component X1 *
Added Member To Class: ClassName=wtc_sh2 Member=Component X3 *
Added Member To Class: ClassName=wtc_sh2 Member=Component X4 *
