Removed Pin From Net: NetName=NetC3_1 Pin=X4-1
Removed Pin From Net: NetName=GND Pin=X4-2
Removed Member From Class: ClassName=wtc_sh2 Member=C14
Removed Member From Class: ClassName=wtc_sh2 Member=C15
Removed Member From Class: ClassName=wtc_sh2 Member=VD4
Removed Member From Class: ClassName=wtc_sh2 Member=VD5
Removed Member From Class: ClassName=wtc_sh2 Member=VD6
Removed Member From Class: ClassName=wtc_sh2 Member=VD7
Removed Member From Class: ClassName=wtc_sh2 Member=X1
Removed Member From Class: ClassName=wtc_sh2 Member=X2
Removed Member From Class: ClassName=wtc_sh2 Member=X3
Removed Member From Class: ClassName=wtc_sh2 Member=X4
Change Component Footprint: Designator=X2 Old Footprint=CON: CWF-2 New Footprint=CON: CWF-4
Added Component: Designator=X6(CON: CWF-2)
Add component (AddParameter): Name = "ComponentKind"; Value = ""; VariantName = "[No Variations]"
Add component (AddParameter): Name = "HelpURL"; Value = ""; VariantName = "[No Variations]"
Add component (AddParameter): Name = "Manufacturer"; Value = ""; VariantName = "[No Variations]"
Add component (AddParameter): Name = "Model"; Value = ""; VariantName = "[No Variations]"
Added Pin To Net: NetName=NetVD4_2 Pin=X2-1
Added Pin To Net: NetName=NetVD6_2 Pin=X2-4
Added Pin To Net: NetName=NetC3_1 Pin=X6-1
Added Pin To Net: NetName=GND Pin=X6-2
Added Class: Name=wtc_sh3
