Removed Pin From Net: NetName=GND Pin=C4-2
Removed Pin From Net: NetName=NetC5_1 Pin=C5-1
Removed Pin From Net: NetName=GND Pin=C6-2
Removed Pin From Net: NetName=GND Pin=C15-2
Removed Pin From Net: NetName=GND Pin=DA4-1
Removed Pin From Net: NetName=NetC5_1 Pin=DA4-3
Removed Pin From Net: NetName=NetC5_1 Pin=DA4-3
Removed Pin From Net: NetName=NetDD1_2 Pin=DD1-4
Removed Pin From Net: NetName=NetDD1_3 Pin=DD1-5
Removed Pin From Net: NetName=NetC7_2 Pin=DD2-4
Removed Pin From Net: NetName=GND Pin=R1-1
Removed Pin From Net: NetName=NetDD2_22 Pin=R1-2
Removed Pin From Net: NetName=GND Pin=R5-1
Removed Pin From Net: NetName=NetDD2_23 Pin=R5-2
Removed Pin From Net: NetName=GND Pin=VD2-1
Removed Pin From Net: NetName=GND Pin=VD4-1
Removed Pin From Net: NetName=GND Pin=VD6-1
Removed Pin From Net: NetName=NetDD2_22 Pin=VT2-1
Removed Pin From Net: NetName=GND Pin=VT2-2
Removed Pin From Net: NetName=NetDD2_23 Pin=VT3-1
Removed Pin From Net: NetName=GND Pin=VT3-2
Removed Pin From Net: NetName=NetDD1_2 Pin=X1-1
Removed Pin From Net: NetName=NetDD1_3 Pin=X1-2
Removed Pin From Net: NetName=NetC7_2 Pin=Z1-1
Removed Member From Class: ClassName=wtc Member=BF1
Removed Member From Class: ClassName=wtc_sh2 Member=C3
Removed Member From Class: ClassName=wtc_sh2 Member=C4
Removed Member From Class: ClassName=wtc_sh2 Member=C5
Removed Member From Class: ClassName=wtc_sh2 Member=C6
Removed Member From Class: ClassName=wtc Member=C8
Removed Member From Class: ClassName=wtc_sh2 Member=C11
Removed Member From Class: ClassName=wtc_sh2 Member=C12
Removed Member From Class: ClassName=wtc_sh2 Member=C13
Removed Member From Class: ClassName=wtc_sh2 Member=DA3
Removed Member From Class: ClassName=wtc_sh2 Member=DA4
Removed Member From Class: ClassName=wtc_sh2 Member=R1
Removed Member From Class: ClassName=wtc_sh2 Member=R5
Removed Member From Class: ClassName=wtc_sh2 Member=VD1
Removed Member From Class: ClassName=wtc Member=VD2
Removed Member From Class: ClassName=wtc Member=VD3
Removed Member From Class: ClassName=wtc_sh3 Member=VD4
Removed Member From Class: ClassName=wtc_sh3 Member=VD5
Removed Member From Class: ClassName=wtc Member=VT1
Removed Member From Class: ClassName=wtc_sh2 Member=VT3
Removed Member From Class: ClassName=wtc_sh3 Member=X1
Removed Member From Class: ClassName=wtc_sh3 Member=X2
Change Component Footprint: Designator=C11 Old Footprint=CH0402C New Footprint=C_0603
Change Component Footprint: Designator=C12 Old Footprint=CH0402C New Footprint=CH0805C
Change Component Footprint: Designator=C8 Old Footprint=CH0402C New Footprint=D8C3.2H12
Change Component Footprint: Designator=R2 Old Footprint=CH0402R New Footprint=CH0603R
Change Component Footprint: Designator=R3 Old Footprint=CH0402R New Footprint=CH0603R
Change Component Footprint: Designator=R4 Old Footprint=CH0402R New Footprint=CH0603R
Change Component Footprint: Designator=X6 Old Footprint=CON: CWF-2 New Footprint=CON: PLS-2
Change Component Footprint: Designator=X3 Old Footprint=CON: CWF-2 New Footprint=CON: PLS-3
Change Component Footprint: Designator=X1 Old Footprint=CON: CWF-2 New Footprint=CON: PLS-8
Change Component Footprint: Designator=X4 Old Footprint=CON: CWF-2 New Footprint=CON: WJ06-03P
Change Component Footprint: Designator=X2 Old Footprint=CON: CWF-4 New Footprint=CON: CWF-2
Change Component Footprint: Designator=C13 Old Footprint=D8C3.2H12 New Footprint=TANTAL_B
Change Component Footprint: Designator=C15 Old Footprint=D10C4.4H10 New Footprint=CH0805C
Change Component Footprint: Designator=C14 Old Footprint=D10C4.4H10 New Footprint=TANTAL_B
Change Component Footprint: Designator=VD2 Old Footprint=IK_LED_3MM New Footprint=CH0603LB
Change Component Footprint: Designator=VD3 Old Footprint=PHOTO_LED_3MM New Footprint=CH0603LB
Change Component Footprint: Designator=VD6 Old Footprint=SMA New Footprint=SOD123F
Change Component Footprint: Designator=VD7 Old Footprint=SMA New Footprint=SOD123F
Change Component Footprint: Designator=VD1 Old Footprint=SMA New Footprint=SOT23_123
Change Component Footprint: Designator=VT1 Old Footprint=SOT23 New Footprint=SOT223
Change Component Footprint: Designator=VT3 Old Footprint=SOT223_123 New Footprint=8-HSOF
Change Component Footprint: Designator=VT2 Old Footprint=SOT223_123 New Footprint=SOT223
Change Component Footprint: Designator=C3 Old Footprint=TANTAL_B New Footprint=CH0402C
Change Component Footprint: Designator=C6 Old Footprint=TANTAL_B New Footprint=CH0402C
Change Component Footprint: Designator=C4 Old Footprint=TANTAL_D New Footprint=CH0402C
Change Component Footprint: Designator=C5 Old Footprint=TANTAL_D New Footprint=CH0402C
Change Component Comment : Designator=C11 Old Comment=* New Comment=0,1uF
Change Component Comment : Designator=C12 Old Comment=* New Comment=0.1u, 6.3V
Change Component Comment : Designator=VD4 Old Comment=* New Comment=B340A-E3/61T
Change Component Comment : Designator=VD5 Old Comment=* New Comment=B340A-E3/61T
Change Component Comment : Designator=VD6 Old Comment=* New Comment=F1J
Change Component Comment : Designator=VD7 Old Comment=* New Comment=F1J
Change Component Comment : Designator=VT2 Old Comment=* New Comment=IRLL014TRPBF
Change Component Comment : Designator=VT3 Old Comment=* New Comment=TEMT1000
Change Component Comment : Designator=R2 Old Comment=10k New Comment=330
Change Component Comment : Designator=C3 Old Comment=10uF New Comment=4,7uF
Change Component Comment : Designator=C6 Old Comment=10uF New Comment=22pF
Change Component Comment : Designator=R1 Old Comment=19,2k New Comment=330
Change Component Comment : Designator=R5 Old Comment=19,2k New Comment=330
Change Component Comment : Designator=C7 Old Comment=22pF New Comment=4,7uF
Change Component Comment : Designator=C8 Old Comment=22pF New Comment=470uF, 25V
Change Component Comment : Designator=C5 Old Comment=22uF New Comment=22pF
Change Component Comment : Designator=R3 Old Comment=100 New Comment=330
Change Component Comment : Designator=R4 Old Comment=100 New Comment=330
Change Component Comment : Designator=C4 Old Comment=100uF New Comment=4,7uF
Change Component Comment : Designator=C13 Old Comment=470uF 10V New Comment=22u, 6.3V
Change Component Comment : Designator=C15 Old Comment=470uF 25V New Comment=0.1u, 6.3V
Change Component Comment : Designator=C14 Old Comment=470uF 25V New Comment=22u, 6.3V
Change Component Comment : Designator=VD2 Old Comment==value New Comment=GREEN
Change Component Comment : Designator=VD3 Old Comment==value New Comment=YELLOW
Change Component Comment : Designator=BF1 Old Comment=AI-1223-TWT-3V-2-R New Comment=HCM1203X
Change Component Comment : Designator=DA3 Old Comment=LM1117-5V_FIX New Comment=LM1117-3,3V_FIX
Change Component Comment : Designator=Z1 Old Comment=qurtz New Comment=NX3215SA-32.768K
Change Component Comment : Designator=VD1 Old Comment=S2MA New Comment=*
Change Component Comment : Designator=VT1 Old Comment=VT_SOT23 New Comment=IRLL014TRPBF
Change component parameters: Designator = "VT1" ("VT1"); Footprint = "SOT23"; UniqueID = "\TYZWUWCZ" ("\TYZWUWCZ")
Change component parameters (AddParameter): Name = "ComponentKind"; Value = ""; VariantName = "[No Variations]"
Change component parameters (AddParameter): Name = "HelpURL"; Value = ""; VariantName = "[No Variations]"
Change component parameters (AddParameter): Name = "Manufacturer"; Value = ""; VariantName = "[No Variations]"
Change component parameters (AddParameter): Name = "Model"; Value = ""; VariantName = "[No Variations]"
Change component parameters: Designator = "C11" ("C11"); Footprint = "CH0402C"; UniqueID = "\CSXNOYZG" ("\CSXNOYZG")
Change component parameters: Designator = "VD2" ("VD2"); Footprint = "IK_LED_3MM"; UniqueID = "\FNKOMGEF" ("\FNKOMGEF")
Change component parameters (AddParameter): Name = "ComponentKind"; Value = ""; VariantName = "[No Variations]"
Change component parameters (AddParameter): Name = "HelpURL"; Value = ""; VariantName = "[No Variations]"
Change component parameters (AddParameter): Name = "Manufacturer"; Value = ""; VariantName = "[No Variations]"
Change component parameters (AddParameter): Name = "Model"; Value = ""; VariantName = "[No Variations]"
Change component parameters (AddParameter): Name = "Value"; Value = ""; VariantName = "[No Variations]"
Change component parameters: Designator = "VD3" ("VD3"); Footprint = "PHOTO_LED_3MM"; UniqueID = "\VXUVOZEF" ("\VXUVOZEF")
Change component parameters (AddParameter): Name = "ComponentKind"; Value = ""; VariantName = "[No Variations]"
Change component parameters (AddParameter): Name = "HelpURL"; Value = ""; VariantName = "[No Variations]"
Change component parameters (AddParameter): Name = "Manufacturer"; Value = ""; VariantName = "[No Variations]"
Change component parameters (AddParameter): Name = "Model"; Value = ""; VariantName = "[No Variations]"
Change component parameters (AddParameter): Name = "Value"; Value = ""; VariantName = "[No Variations]"
Added Component: Designator=C16(TANTAL_B)
Add component (AddParameter): Name = "ComponentKind"; Value = ""; VariantName = "[No Variations]"
Add component (AddParameter): Name = "HelpURL"; Value = ""; VariantName = "[No Variations]"
Add component (AddParameter): Name = "Manufacturer"; Value = ""; VariantName = "[No Variations]"
Add component (AddParameter): Name = "Model"; Value = ""; VariantName = "[No Variations]"
Add component (AddParameter): Name = "Value"; Value = ""; VariantName = "[No Variations]"
Added Component: Designator=C17(CH0805C)
Add component (AddParameter): Name = "ComponentKind"; Value = ""; VariantName = "[No Variations]"
Add component (AddParameter): Name = "HelpURL"; Value = ""; VariantName = "[No Variations]"
Add component (AddParameter): Name = "Manufacturer"; Value = ""; VariantName = "[No Variations]"
Add component (AddParameter): Name = "Model"; Value = ""; VariantName = "[No Variations]"
Add component (AddParameter): Name = "Value"; Value = ""; VariantName = "[No Variations]"
Added Component: Designator=C18(CH0805C)
Add component (AddParameter): Name = "ComponentKind"; Value = ""; VariantName = "[No Variations]"
Add component (AddParameter): Name = "HelpURL"; Value = ""; VariantName = "[No Variations]"
Add component (AddParameter): Name = "Manufacturer"; Value = ""; VariantName = "[No Variations]"
Add component (AddParameter): Name = "Model"; Value = ""; VariantName = "[No Variations]"
Add component (AddParameter): Name = "Value"; Value = ""; VariantName = "[No Variations]"
Added Component: Designator=C19(TANTAL_B)
Add component (AddParameter): Name = "ComponentKind"; Value = ""; VariantName = "[No Variations]"
Add component (AddParameter): Name = "HelpURL"; Value = ""; VariantName = "[No Variations]"
Add component (AddParameter): Name = "Manufacturer"; Value = ""; VariantName = "[No Variations]"
Add component (AddParameter): Name = "Model"; Value = ""; VariantName = "[No Variations]"
Add component (AddParameter): Name = "Value"; Value = ""; VariantName = "[No Variations]"
Added Component: Designator=C20(CH0805C)
Add component (AddParameter): Name = "ComponentKind"; Value = ""; VariantName = "[No Variations]"
Add component (AddParameter): Name = "HelpURL"; Value = ""; VariantName = "[No Variations]"
Add component (AddParameter): Name = "Manufacturer"; Value = ""; VariantName = "[No Variations]"
Add component (AddParameter): Name = "Model"; Value = ""; VariantName = "[No Variations]"
Add component (AddParameter): Name = "Value"; Value = ""; VariantName = "[No Variations]"
Added Component: Designator=C21(TANTAL_B)
Add component (AddParameter): Name = "ComponentKind"; Value = ""; VariantName = "[No Variations]"
Add component (AddParameter): Name = "HelpURL"; Value = ""; VariantName = "[No Variations]"
Add component (AddParameter): Name = "Manufacturer"; Value = ""; VariantName = "[No Variations]"
Add component (AddParameter): Name = "Model"; Value = ""; VariantName = "[No Variations]"
Add component (AddParameter): Name = "Value"; Value = ""; VariantName = "[No Variations]"
Added Component: Designator=C22(TANTAL_B)
Add component (AddParameter): Name = "ComponentKind"; Value = ""; VariantName = "[No Variations]"
Add component (AddParameter): Name = "HelpURL"; Value = ""; VariantName = "[No Variations]"
Add component (AddParameter): Name = "Manufacturer"; Value = ""; VariantName = "[No Variations]"
Add component (AddParameter): Name = "Model"; Value = ""; VariantName = "[No Variations]"
Add component (AddParameter): Name = "Value"; Value = ""; VariantName = "[No Variations]"
Added Component: Designator=C23(D10C4.4H10)
Add component (AddParameter): Name = "ComponentKind"; Value = ""; VariantName = "[No Variations]"
Add component (AddParameter): Name = "HelpURL"; Value = ""; VariantName = "[No Variations]"
Add component (AddParameter): Name = "Manufacturer"; Value = ""; VariantName = "[No Variations]"
Add component (AddParameter): Name = "Model"; Value = ""; VariantName = "[No Variations]"
Add component (AddParameter): Name = "Value"; Value = ""; VariantName = "[No Variations]"
Added Component: Designator=C24(CH0805C)
Add component (AddParameter): Name = "ComponentKind"; Value = ""; VariantName = "[No Variations]"
Add component (AddParameter): Name = "HelpURL"; Value = ""; VariantName = "[No Variations]"
Add component (AddParameter): Name = "Manufacturer"; Value = ""; VariantName = "[No Variations]"
Add component (AddParameter): Name = "Model"; Value = ""; VariantName = "[No Variations]"
Add component (AddParameter): Name = "Value"; Value = ""; VariantName = "[No Variations]"
Added Component: Designator=C25(D10C4.4H10)
Add component (AddParameter): Name = "ComponentKind"; Value = ""; VariantName = "[No Variations]"
Add component (AddParameter): Name = "HelpURL"; Value = ""; VariantName = "[No Variations]"
Add component (AddParameter): Name = "Manufacturer"; Value = ""; VariantName = "[No Variations]"
Add component (AddParameter): Name = "Model"; Value = ""; VariantName = "[No Variations]"
Add component (AddParameter): Name = "Value"; Value = ""; VariantName = "[No Variations]"
Added Component: Designator=C26(TANTAL_B)
Add component (AddParameter): Name = "ComponentKind"; Value = ""; VariantName = "[No Variations]"
Add component (AddParameter): Name = "HelpURL"; Value = ""; VariantName = "[No Variations]"
Add component (AddParameter): Name = "Manufacturer"; Value = ""; VariantName = "[No Variations]"
Add component (AddParameter): Name = "Model"; Value = ""; VariantName = "[No Variations]"
Add component (AddParameter): Name = "Value"; Value = ""; VariantName = "[No Variations]"
Added Component: Designator=C?(CH0402C)
Add component (AddParameter): Name = "ComponentKind"; Value = ""; VariantName = "[No Variations]"
Add component (AddParameter): Name = "HelpURL"; Value = ""; VariantName = "[No Variations]"
Add component (AddParameter): Name = "Manufacturer"; Value = ""; VariantName = "[No Variations]"
Add component (AddParameter): Name = "Model"; Value = ""; VariantName = "[No Variations]"
Add component (AddParameter): Name = "Value"; Value = ""; VariantName = "[No Variations]"
Added Component: Designator=C?(CH0402C)
Add component (AddParameter): Name = "ComponentKind"; Value = ""; VariantName = "[No Variations]"
Add component (AddParameter): Name = "HelpURL"; Value = ""; VariantName = "[No Variations]"
Add component (AddParameter): Name = "Manufacturer"; Value = ""; VariantName = "[No Variations]"
Add component (AddParameter): Name = "Model"; Value = ""; VariantName = "[No Variations]"
Add component (AddParameter): Name = "Value"; Value = ""; VariantName = "[No Variations]"
Added Component: Designator=DA2(SOT223_123)
Added Component: Designator=FU1(CH0603F)
Add component (AddParameter): Name = "ComponentKind"; Value = ""; VariantName = "[No Variations]"
Add component (AddParameter): Name = "HelpURL"; Value = ""; VariantName = "[No Variations]"
Add component (AddParameter): Name = "Manufacturer"; Value = ""; VariantName = "[No Variations]"
Add component (AddParameter): Name = "Model"; Value = ""; VariantName = "[No Variations]"
Add component (AddParameter): Name = "Value"; Value = ""; VariantName = "[No Variations]"
Added Component: Designator=FU2(CH0603F)
Add component (AddParameter): Name = "ComponentKind"; Value = ""; VariantName = "[No Variations]"
Add component (AddParameter): Name = "HelpURL"; Value = ""; VariantName = "[No Variations]"
Add component (AddParameter): Name = "Manufacturer"; Value = ""; VariantName = "[No Variations]"
Add component (AddParameter): Name = "Model"; Value = ""; VariantName = "[No Variations]"
Add component (AddParameter): Name = "Value"; Value = ""; VariantName = "[No Variations]"
Added Component: Designator=FU3(CH0603F)
Add component (AddParameter): Name = "ComponentKind"; Value = ""; VariantName = "[No Variations]"
Add component (AddParameter): Name = "HelpURL"; Value = ""; VariantName = "[No Variations]"
Add component (AddParameter): Name = "Manufacturer"; Value = ""; VariantName = "[No Variations]"
Add component (AddParameter): Name = "Model"; Value = ""; VariantName = "[No Variations]"
Add component (AddParameter): Name = "Value"; Value = ""; VariantName = "[No Variations]"
Added Component: Designator=FU4(CH0603F)
Add component (AddParameter): Name = "ComponentKind"; Value = ""; VariantName = "[No Variations]"
Add component (AddParameter): Name = "HelpURL"; Value = ""; VariantName = "[No Variations]"
Add component (AddParameter): Name = "Manufacturer"; Value = ""; VariantName = "[No Variations]"
Add component (AddParameter): Name = "Model"; Value = ""; VariantName = "[No Variations]"
Add component (AddParameter): Name = "Value"; Value = ""; VariantName = "[No Variations]"
Added Component: Designator=FU5(CH0603F)
Add component (AddParameter): Name = "ComponentKind"; Value = ""; VariantName = "[No Variations]"
Add component (AddParameter): Name = "HelpURL"; Value = ""; VariantName = "[No Variations]"
Add component (AddParameter): Name = "Manufacturer"; Value = ""; VariantName = "[No Variations]"
Add component (AddParameter): Name = "Model"; Value = ""; VariantName = "[No Variations]"
Add component (AddParameter): Name = "Value"; Value = ""; VariantName = "[No Variations]"
Added Component: Designator=FU6(CH0603F)
Add component (AddParameter): Name = "ComponentKind"; Value = ""; VariantName = "[No Variations]"
Add component (AddParameter): Name = "HelpURL"; Value = ""; VariantName = "[No Variations]"
Add component (AddParameter): Name = "Manufacturer"; Value = ""; VariantName = "[No Variations]"
Add component (AddParameter): Name = "Model"; Value = ""; VariantName = "[No Variations]"
Add component (AddParameter): Name = "Value"; Value = ""; VariantName = "[No Variations]"
Added Component: Designator=FU7(CH0603F)
Add component (AddParameter): Name = "ComponentKind"; Value = ""; VariantName = "[No Variations]"
Add component (AddParameter): Name = "HelpURL"; Value = ""; VariantName = "[No Variations]"
Add component (AddParameter): Name = "Manufacturer"; Value = ""; VariantName = "[No Variations]"
Add component (AddParameter): Name = "Model"; Value = ""; VariantName = "[No Variations]"
Add component (AddParameter): Name = "Value"; Value = ""; VariantName = "[No Variations]"
Added Component: Designator=J1(CON: PLS-2)
Add component (AddParameter): Name = "ComponentKind"; Value = ""; VariantName = "[No Variations]"
Add component (AddParameter): Name = "HelpURL"; Value = ""; VariantName = "[No Variations]"
Add component (AddParameter): Name = "Manufacturer"; Value = "China"; VariantName = "[No Variations]"
Add component (AddParameter): Name = "Model"; Value = "PLS-2"; VariantName = "[No Variations]"
Added Component: Designator=J2(CON: PLS-2)
Add component (AddParameter): Name = "ComponentKind"; Value = ""; VariantName = "[No Variations]"
Add component (AddParameter): Name = "HelpURL"; Value = ""; VariantName = "[No Variations]"
Add component (AddParameter): Name = "Manufacturer"; Value = "China"; VariantName = "[No Variations]"
Add component (AddParameter): Name = "Model"; Value = "PLS-2"; VariantName = "[No Variations]"
Added Component: Designator=L1(CH0201L)
Add component (AddParameter): Name = "ComponentKind"; Value = ""; VariantName = "[No Variations]"
Add component (AddParameter): Name = "HelpURL"; Value = ""; VariantName = "[No Variations]"
Add component (AddParameter): Name = "Manufacturer"; Value = ""; VariantName = "[No Variations]"
Add component (AddParameter): Name = "Model"; Value = ""; VariantName = "[No Variations]"
Add component (AddParameter): Name = "Value"; Value = ""; VariantName = "[No Variations]"
Added Component: Designator=L2(IND: SRR1208)
Add component (AddParameter): Name = "ComponentKind"; Value = ""; VariantName = "[No Variations]"
Add component (AddParameter): Name = "HelpURL"; Value = ""; VariantName = "[No Variations]"
Add component (AddParameter): Name = "Manufacturer"; Value = ""; VariantName = "[No Variations]"
Add component (AddParameter): Name = "Model"; Value = ""; VariantName = "[No Variations]"
Add component (AddParameter): Name = "Value"; Value = ""; VariantName = "[No Variations]"
Added Component: Designator=R6(CH0603R)
Add component (AddParameter): Name = "ComponentKind"; Value = ""; VariantName = "[No Variations]"
Add component (AddParameter): Name = "HelpURL"; Value = ""; VariantName = "[No Variations]"
Add component (AddParameter): Name = "Manufacturer"; Value = ""; VariantName = "[No Variations]"
Add component (AddParameter): Name = "Model"; Value = ""; VariantName = "[No Variations]"
Add component (AddParameter): Name = "Value"; Value = ""; VariantName = "[No Variations]"
Added Component: Designator=R7(CH0603R)
Add component (AddParameter): Name = "ComponentKind"; Value = ""; VariantName = "[No Variations]"
Add component (AddParameter): Name = "HelpURL"; Value = ""; VariantName = "[No Variations]"
Add component (AddParameter): Name = "Manufacturer"; Value = ""; VariantName = "[No Variations]"
Add component (AddParameter): Name = "Model"; Value = ""; VariantName = "[No Variations]"
Add component (AddParameter): Name = "Value"; Value = ""; VariantName = "[No Variations]"
Added Component: Designator=R8(CH0603R)
Add component (AddParameter): Name = "ComponentKind"; Value = ""; VariantName = "[No Variations]"
Add component (AddParameter): Name = "HelpURL"; Value = ""; VariantName = "[No Variations]"
Add component (AddParameter): Name = "Manufacturer"; Value = ""; VariantName = "[No Variations]"
Add component (AddParameter): Name = "Model"; Value = ""; VariantName = "[No Variations]"
Add component (AddParameter): Name = "Value"; Value = ""; VariantName = "[No Variations]"
Added Component: Designator=R9(CH0603R)
Add component (AddParameter): Name = "ComponentKind"; Value = ""; VariantName = "[No Variations]"
Add component (AddParameter): Name = "HelpURL"; Value = ""; VariantName = "[No Variations]"
Add component (AddParameter): Name = "Manufacturer"; Value = ""; VariantName = "[No Variations]"
Add component (AddParameter): Name = "Model"; Value = ""; VariantName = "[No Variations]"
Add component (AddParameter): Name = "Value"; Value = ""; VariantName = "[No Variations]"
Added Component: Designator=R10(CH0603R)
Add component (AddParameter): Name = "ComponentKind"; Value = ""; VariantName = "[No Variations]"
Add component (AddParameter): Name = "HelpURL"; Value = ""; VariantName = "[No Variations]"
Add component (AddParameter): Name = "Manufacturer"; Value = ""; VariantName = "[No Variations]"
Add component (AddParameter): Name = "Model"; Value = ""; VariantName = "[No Variations]"
Add component (AddParameter): Name = "Value"; Value = ""; VariantName = "[No Variations]"
Added Component: Designator=R11(CH0603R)
Add component (AddParameter): Name = "ComponentKind"; Value = ""; VariantName = "[No Variations]"
Add component (AddParameter): Name = "HelpURL"; Value = ""; VariantName = "[No Variations]"
Add component (AddParameter): Name = "Manufacturer"; Value = ""; VariantName = "[No Variations]"
Add component (AddParameter): Name = "Model"; Value = ""; VariantName = "[No Variations]"
Add component (AddParameter): Name = "Value"; Value = ""; VariantName = "[No Variations]"
Added Component: Designator=R12(CH0603R)
Add component (AddParameter): Name = "ComponentKind"; Value = ""; VariantName = "[No Variations]"
Add component (AddParameter): Name = "HelpURL"; Value = ""; VariantName = "[No Variations]"
Add component (AddParameter): Name = "Manufacturer"; Value = ""; VariantName = "[No Variations]"
Add component (AddParameter): Name = "Model"; Value = ""; VariantName = "[No Variations]"
Add component (AddParameter): Name = "Value"; Value = ""; VariantName = "[No Variations]"
Added Component: Designator=R13(CH0603R)
Add component (AddParameter): Name = "ComponentKind"; Value = ""; VariantName = "[No Variations]"
Add component (AddParameter): Name = "HelpURL"; Value = ""; VariantName = "[No Variations]"
Add component (AddParameter): Name = "Manufacturer"; Value = ""; VariantName = "[No Variations]"
Add component (AddParameter): Name = "Model"; Value = ""; VariantName = "[No Variations]"
Add component (AddParameter): Name = "Value"; Value = ""; VariantName = "[No Variations]"
Added Component: Designator=R14(CH0603R)
Add component (AddParameter): Name = "ComponentKind"; Value = ""; VariantName = "[No Variations]"
Add component (AddParameter): Name = "HelpURL"; Value = ""; VariantName = "[No Variations]"
Add component (AddParameter): Name = "Manufacturer"; Value = ""; VariantName = "[No Variations]"
Add component (AddParameter): Name = "Model"; Value = ""; VariantName = "[No Variations]"
Add component (AddParameter): Name = "Value"; Value = ""; VariantName = "[No Variations]"
Added Component: Designator=R15(CH0603R)
Add component (AddParameter): Name = "ComponentKind"; Value = ""; VariantName = "[No Variations]"
Add component (AddParameter): Name = "HelpURL"; Value = ""; VariantName = "[No Variations]"
Add component (AddParameter): Name = "Manufacturer"; Value = ""; VariantName = "[No Variations]"
Add component (AddParameter): Name = "Model"; Value = ""; VariantName = "[No Variations]"
Add component (AddParameter): Name = "Value"; Value = ""; VariantName = "[No Variations]"
Added Component: Designator=R16(CH0603R)
Add component (AddParameter): Name = "ComponentKind"; Value = ""; VariantName = "[No Variations]"
Add component (AddParameter): Name = "HelpURL"; Value = ""; VariantName = "[No Variations]"
Add component (AddParameter): Name = "Manufacturer"; Value = ""; VariantName = "[No Variations]"
Add component (AddParameter): Name = "Model"; Value = ""; VariantName = "[No Variations]"
Add component (AddParameter): Name = "Value"; Value = ""; VariantName = "[No Variations]"
Added Component: Designator=R17(CH0603R)
Add component (AddParameter): Name = "ComponentKind"; Value = ""; VariantName = "[No Variations]"
Add component (AddParameter): Name = "HelpURL"; Value = ""; VariantName = "[No Variations]"
Add component (AddParameter): Name = "Manufacturer"; Value = ""; VariantName = "[No Variations]"
Add component (AddParameter): Name = "Model"; Value = ""; VariantName = "[No Variations]"
Add component (AddParameter): Name = "Value"; Value = ""; VariantName = "[No Variations]"
Added Component: Designator=R18(CH0603R)
Add component (AddParameter): Name = "ComponentKind"; Value = ""; VariantName = "[No Variations]"
Add component (AddParameter): Name = "HelpURL"; Value = ""; VariantName = "[No Variations]"
Add component (AddParameter): Name = "Manufacturer"; Value = ""; VariantName = "[No Variations]"
Add component (AddParameter): Name = "Model"; Value = ""; VariantName = "[No Variations]"
Add component (AddParameter): Name = "Value"; Value = ""; VariantName = "[No Variations]"
Added Component: Designator=R19(CH0603R)
Add component (AddParameter): Name = "ComponentKind"; Value = ""; VariantName = "[No Variations]"
Add component (AddParameter): Name = "HelpURL"; Value = ""; VariantName = "[No Variations]"
Add component (AddParameter): Name = "Manufacturer"; Value = ""; VariantName = "[No Variations]"
Add component (AddParameter): Name = "Model"; Value = ""; VariantName = "[No Variations]"
Add component (AddParameter): Name = "Value"; Value = ""; VariantName = "[No Variations]"
Added Component: Designator=R20(CH0603R)
Add component (AddParameter): Name = "ComponentKind"; Value = ""; VariantName = "[No Variations]"
Add component (AddParameter): Name = "HelpURL"; Value = ""; VariantName = "[No Variations]"
Add component (AddParameter): Name = "Manufacturer"; Value = ""; VariantName = "[No Variations]"
Add component (AddParameter): Name = "Model"; Value = ""; VariantName = "[No Variations]"
Add component (AddParameter): Name = "Value"; Value = ""; VariantName = "[No Variations]"
Added Component: Designator=R21(CH0603R)
Add component (AddParameter): Name = "ComponentKind"; Value = ""; VariantName = "[No Variations]"
Add component (AddParameter): Name = "HelpURL"; Value = ""; VariantName = "[No Variations]"
Add component (AddParameter): Name = "Manufacturer"; Value = ""; VariantName = "[No Variations]"
Add component (AddParameter): Name = "Model"; Value = ""; VariantName = "[No Variations]"
Add component (AddParameter): Name = "Value"; Value = ""; VariantName = "[No Variations]"
Added Component: Designator=R22(CH0603R)
Add component (AddParameter): Name = "ComponentKind"; Value = ""; VariantName = "[No Variations]"
Add component (AddParameter): Name = "HelpURL"; Value = ""; VariantName = "[No Variations]"
Add component (AddParameter): Name = "Manufacturer"; Value = ""; VariantName = "[No Variations]"
Add component (AddParameter): Name = "Model"; Value = ""; VariantName = "[No Variations]"
Add component (AddParameter): Name = "Value"; Value = ""; VariantName = "[No Variations]"
Added Component: Designator=R23(CH0603R)
Add component (AddParameter): Name = "ComponentKind"; Value = ""; VariantName = "[No Variations]"
Add component (AddParameter): Name = "HelpURL"; Value = ""; VariantName = "[No Variations]"
Add component (AddParameter): Name = "Manufacturer"; Value = ""; VariantName = "[No Variations]"
Add component (AddParameter): Name = "Model"; Value = ""; VariantName = "[No Variations]"
Add component (AddParameter): Name = "Value"; Value = ""; VariantName = "[No Variations]"
Added Component: Designator=R24(CH0603R)
Add component (AddParameter): Name = "ComponentKind"; Value = ""; VariantName = "[No Variations]"
Add component (AddParameter): Name = "HelpURL"; Value = ""; VariantName = "[No Variations]"
Add component (AddParameter): Name = "Manufacturer"; Value = ""; VariantName = "[No Variations]"
Add component (AddParameter): Name = "Model"; Value = ""; VariantName = "[No Variations]"
Add component (AddParameter): Name = "Value"; Value = ""; VariantName = "[No Variations]"
Added Component: Designator=R25(CH0603R)
Add component (AddParameter): Name = "ComponentKind"; Value = ""; VariantName = "[No Variations]"
Add component (AddParameter): Name = "HelpURL"; Value = ""; VariantName = "[No Variations]"
Add component (AddParameter): Name = "Manufacturer"; Value = ""; VariantName = "[No Variations]"
Add component (AddParameter): Name = "Model"; Value = ""; VariantName = "[No Variations]"
Add component (AddParameter): Name = "Value"; Value = ""; VariantName = "[No Variations]"
Added Component: Designator=R26(CH0603R)
Add component (AddParameter): Name = "ComponentKind"; Value = ""; VariantName = "[No Variations]"
Add component (AddParameter): Name = "HelpURL"; Value = ""; VariantName = "[No Variations]"
Add component (AddParameter): Name = "Manufacturer"; Value = ""; VariantName = "[No Variations]"
Add component (AddParameter): Name = "Model"; Value = ""; VariantName = "[No Variations]"
Add component (AddParameter): Name = "Value"; Value = ""; VariantName = "[No Variations]"
Added Component: Designator=R27(CH0603R)
Add component (AddParameter): Name = "ComponentKind"; Value = ""; VariantName = "[No Variations]"
Add component (AddParameter): Name = "HelpURL"; Value = ""; VariantName = "[No Variations]"
Add component (AddParameter): Name = "Manufacturer"; Value = ""; VariantName = "[No Variations]"
Add component (AddParameter): Name = "Model"; Value = ""; VariantName = "[No Variations]"
Add component (AddParameter): Name = "Value"; Value = ""; VariantName = "[No Variations]"
Added Component: Designator=R28(CH0603R)
Add component (AddParameter): Name = "ComponentKind"; Value = ""; VariantName = "[No Variations]"
Add component (AddParameter): Name = "HelpURL"; Value = ""; VariantName = "[No Variations]"
Add component (AddParameter): Name = "Manufacturer"; Value = ""; VariantName = "[No Variations]"
Add component (AddParameter): Name = "Model"; Value = ""; VariantName = "[No Variations]"
Add component (AddParameter): Name = "Value"; Value = ""; VariantName = "[No Variations]"
Added Component: Designator=R29(CH0603R)
Add component (AddParameter): Name = "ComponentKind"; Value = ""; VariantName = "[No Variations]"
Add component (AddParameter): Name = "HelpURL"; Value = ""; VariantName = "[No Variations]"
Add component (AddParameter): Name = "Manufacturer"; Value = ""; VariantName = "[No Variations]"
Add component (AddParameter): Name = "Model"; Value = ""; VariantName = "[No Variations]"
Add component (AddParameter): Name = "Value"; Value = ""; VariantName = "[No Variations]"
Added Component: Designator=R30(CH0603R)
Add component (AddParameter): Name = "ComponentKind"; Value = ""; VariantName = "[No Variations]"
Add component (AddParameter): Name = "HelpURL"; Value = ""; VariantName = "[No Variations]"
Add component (AddParameter): Name = "Manufacturer"; Value = ""; VariantName = "[No Variations]"
Add component (AddParameter): Name = "Model"; Value = ""; VariantName = "[No Variations]"
Add component (AddParameter): Name = "Value"; Value = ""; VariantName = "[No Variations]"
Added Component: Designator=R31(CH0603R)
Add component (AddParameter): Name = "ComponentKind"; Value = ""; VariantName = "[No Variations]"
Add component (AddParameter): Name = "HelpURL"; Value = ""; VariantName = "[No Variations]"
Add component (AddParameter): Name = "Manufacturer"; Value = ""; VariantName = "[No Variations]"
Add component (AddParameter): Name = "Model"; Value = ""; VariantName = "[No Variations]"
Add component (AddParameter): Name = "Value"; Value = ""; VariantName = "[No Variations]"
Added Component: Designator=R32(CH0603R)
Add component (AddParameter): Name = "ComponentKind"; Value = ""; VariantName = "[No Variations]"
Add component (AddParameter): Name = "HelpURL"; Value = ""; VariantName = "[No Variations]"
Add component (AddParameter): Name = "Manufacturer"; Value = ""; VariantName = "[No Variations]"
Add component (AddParameter): Name = "Model"; Value = ""; VariantName = "[No Variations]"
Add component (AddParameter): Name = "Value"; Value = ""; VariantName = "[No Variations]"
Added Component: Designator=R33(CH0805R)
Add component (AddParameter): Name = "ComponentKind"; Value = ""; VariantName = "[No Variations]"
Add component (AddParameter): Name = "HelpURL"; Value = ""; VariantName = "[No Variations]"
Add component (AddParameter): Name = "Manufacturer"; Value = ""; VariantName = "[No Variations]"
Add component (AddParameter): Name = "Model"; Value = ""; VariantName = "[No Variations]"
Add component (AddParameter): Name = "Value"; Value = ""; VariantName = "[No Variations]"
Added Component: Designator=R34(CH0805R)
Add component (AddParameter): Name = "ComponentKind"; Value = ""; VariantName = "[No Variations]"
Add component (AddParameter): Name = "HelpURL"; Value = ""; VariantName = "[No Variations]"
Add component (AddParameter): Name = "Manufacturer"; Value = ""; VariantName = "[No Variations]"
Add component (AddParameter): Name = "Model"; Value = ""; VariantName = "[No Variations]"
Add component (AddParameter): Name = "Value"; Value = ""; VariantName = "[No Variations]"
Added Component: Designator=R35(CH0603R)
Add component (AddParameter): Name = "ComponentKind"; Value = ""; VariantName = "[No Variations]"
Add component (AddParameter): Name = "HelpURL"; Value = ""; VariantName = "[No Variations]"
Add component (AddParameter): Name = "Manufacturer"; Value = ""; VariantName = "[No Variations]"
Add component (AddParameter): Name = "Model"; Value = ""; VariantName = "[No Variations]"
Add component (AddParameter): Name = "Value"; Value = ""; VariantName = "[No Variations]"
Added Component: Designator=R36(CH0603R)
Add component (AddParameter): Name = "ComponentKind"; Value = ""; VariantName = "[No Variations]"
Add component (AddParameter): Name = "HelpURL"; Value = ""; VariantName = "[No Variations]"
Add component (AddParameter): Name = "Manufacturer"; Value = ""; VariantName = "[No Variations]"
Add component (AddParameter): Name = "Model"; Value = ""; VariantName = "[No Variations]"
Add component (AddParameter): Name = "Value"; Value = ""; VariantName = "[No Variations]"
Added Component: Designator=R37(CH0603R)
Add component (AddParameter): Name = "ComponentKind"; Value = ""; VariantName = "[No Variations]"
Add component (AddParameter): Name = "HelpURL"; Value = ""; VariantName = "[No Variations]"
Add component (AddParameter): Name = "Manufacturer"; Value = ""; VariantName = "[No Variations]"
Add component (AddParameter): Name = "Model"; Value = ""; VariantName = "[No Variations]"
Add component (AddParameter): Name = "Value"; Value = ""; VariantName = "[No Variations]"
Added Component: Designator=R38(CH0603R)
Add component (AddParameter): Name = "ComponentKind"; Value = ""; VariantName = "[No Variations]"
Add component (AddParameter): Name = "HelpURL"; Value = ""; VariantName = "[No Variations]"
Add component (AddParameter): Name = "Manufacturer"; Value = ""; VariantName = "[No Variations]"
Add component (AddParameter): Name = "Model"; Value = ""; VariantName = "[No Variations]"
Add component (AddParameter): Name = "Value"; Value = ""; VariantName = "[No Variations]"
Added Component: Designator=R39(CH0603R)
Add component (AddParameter): Name = "ComponentKind"; Value = ""; VariantName = "[No Variations]"
Add component (AddParameter): Name = "HelpURL"; Value = ""; VariantName = "[No Variations]"
Add component (AddParameter): Name = "Manufacturer"; Value = ""; VariantName = "[No Variations]"
Add component (AddParameter): Name = "Model"; Value = ""; VariantName = "[No Variations]"
Add component (AddParameter): Name = "Value"; Value = ""; VariantName = "[No Variations]"
Added Component: Designator=R40(CH0805R)
Add component (AddParameter): Name = "ComponentKind"; Value = ""; VariantName = "[No Variations]"
Add component (AddParameter): Name = "HelpURL"; Value = ""; VariantName = "[No Variations]"
Add component (AddParameter): Name = "Manufacturer"; Value = ""; VariantName = "[No Variations]"
Add component (AddParameter): Name = "Model"; Value = ""; VariantName = "[No Variations]"
Add component (AddParameter): Name = "Value"; Value = ""; VariantName = "[No Variations]"
Added Component: Designator=R41(CH0805R)
Add component (AddParameter): Name = "ComponentKind"; Value = ""; VariantName = "[No Variations]"
Add component (AddParameter): Name = "HelpURL"; Value = ""; VariantName = "[No Variations]"
Add component (AddParameter): Name = "Manufacturer"; Value = ""; VariantName = "[No Variations]"
Add component (AddParameter): Name = "Model"; Value = ""; VariantName = "[No Variations]"
Add component (AddParameter): Name = "Value"; Value = ""; VariantName = "[No Variations]"
Added Component: Designator=R42(CH0805R)
Add component (AddParameter): Name = "ComponentKind"; Value = ""; VariantName = "[No Variations]"
Add component (AddParameter): Name = "HelpURL"; Value = ""; VariantName = "[No Variations]"
Add component (AddParameter): Name = "Manufacturer"; Value = ""; VariantName = "[No Variations]"
Add component (AddParameter): Name = "Model"; Value = ""; VariantName = "[No Variations]"
Add component (AddParameter): Name = "Value"; Value = ""; VariantName = "[No Variations]"
Added Component: Designator=R43(CH0805R)
Add component (AddParameter): Name = "ComponentKind"; Value = ""; VariantName = "[No Variations]"
Add component (AddParameter): Name = "HelpURL"; Value = ""; VariantName = "[No Variations]"
Add component (AddParameter): Name = "Manufacturer"; Value = ""; VariantName = "[No Variations]"
Add component (AddParameter): Name = "Model"; Value = ""; VariantName = "[No Variations]"
Add component (AddParameter): Name = "Value"; Value = ""; VariantName = "[No Variations]"
Added Component: Designator=R44(CH0805R)
Add component (AddParameter): Name = "ComponentKind"; Value = ""; VariantName = "[No Variations]"
Add component (AddParameter): Name = "HelpURL"; Value = ""; VariantName = "[No Variations]"
Add component (AddParameter): Name = "Manufacturer"; Value = ""; VariantName = "[No Variations]"
Add component (AddParameter): Name = "Model"; Value = ""; VariantName = "[No Variations]"
Add component (AddParameter): Name = "Value"; Value = ""; VariantName = "[No Variations]"
Added Component: Designator=R45(CH0805R)
Add component (AddParameter): Name = "ComponentKind"; Value = ""; VariantName = "[No Variations]"
Add component (AddParameter): Name = "HelpURL"; Value = ""; VariantName = "[No Variations]"
Add component (AddParameter): Name = "Manufacturer"; Value = ""; VariantName = "[No Variations]"
Add component (AddParameter): Name = "Model"; Value = ""; VariantName = "[No Variations]"
Add component (AddParameter): Name = "Value"; Value = ""; VariantName = "[No Variations]"
Added Component: Designator=R46(CH0805R)
Add component (AddParameter): Name = "ComponentKind"; Value = ""; VariantName = "[No Variations]"
Add component (AddParameter): Name = "HelpURL"; Value = ""; VariantName = "[No Variations]"
Add component (AddParameter): Name = "Manufacturer"; Value = ""; VariantName = "[No Variations]"
Add component (AddParameter): Name = "Model"; Value = ""; VariantName = "[No Variations]"
Add component (AddParameter): Name = "Value"; Value = ""; VariantName = "[No Variations]"
Added Component: Designator=R47(CH2512R)
Add component (AddParameter): Name = "ComponentKind"; Value = ""; VariantName = "[No Variations]"
Add component (AddParameter): Name = "HelpURL"; Value = ""; VariantName = "[No Variations]"
Add component (AddParameter): Name = "Manufacturer"; Value = ""; VariantName = "[No Variations]"
Add component (AddParameter): Name = "Model"; Value = ""; VariantName = "[No Variations]"
Add component (AddParameter): Name = "Value"; Value = ""; VariantName = "[No Variations]"
Added Component: Designator=R48(CH0805R)
Add component (AddParameter): Name = "ComponentKind"; Value = ""; VariantName = "[No Variations]"
Add component (AddParameter): Name = "HelpURL"; Value = ""; VariantName = "[No Variations]"
Add component (AddParameter): Name = "Manufacturer"; Value = ""; VariantName = "[No Variations]"
Add component (AddParameter): Name = "Model"; Value = ""; VariantName = "[No Variations]"
Add component (AddParameter): Name = "Value"; Value = ""; VariantName = "[No Variations]"
Added Component: Designator=R49(CH0805R)
Add component (AddParameter): Name = "ComponentKind"; Value = ""; VariantName = "[No Variations]"
Add component (AddParameter): Name = "HelpURL"; Value = ""; VariantName = "[No Variations]"
Add component (AddParameter): Name = "Manufacturer"; Value = ""; VariantName = "[No Variations]"
Add component (AddParameter): Name = "Model"; Value = ""; VariantName = "[No Variations]"
Add component (AddParameter): Name = "Value"; Value = ""; VariantName = "[No Variations]"
Added Component: Designator=R50(CH0805R)
Add component (AddParameter): Name = "ComponentKind"; Value = ""; VariantName = "[No Variations]"
Add component (AddParameter): Name = "HelpURL"; Value = ""; VariantName = "[No Variations]"
Add component (AddParameter): Name = "Manufacturer"; Value = ""; VariantName = "[No Variations]"
Add component (AddParameter): Name = "Model"; Value = ""; VariantName = "[No Variations]"
Add component (AddParameter): Name = "Value"; Value = ""; VariantName = "[No Variations]"
Added Component: Designator=R51(CH0805R)
Add component (AddParameter): Name = "ComponentKind"; Value = ""; VariantName = "[No Variations]"
Add component (AddParameter): Name = "HelpURL"; Value = ""; VariantName = "[No Variations]"
Add component (AddParameter): Name = "Manufacturer"; Value = ""; VariantName = "[No Variations]"
Add component (AddParameter): Name = "Model"; Value = ""; VariantName = "[No Variations]"
Add component (AddParameter): Name = "Value"; Value = ""; VariantName = "[No Variations]"
Added Component: Designator=R52(CH0805R)
Add component (AddParameter): Name = "ComponentKind"; Value = ""; VariantName = "[No Variations]"
Add component (AddParameter): Name = "HelpURL"; Value = ""; VariantName = "[No Variations]"
Add component (AddParameter): Name = "Manufacturer"; Value = ""; VariantName = "[No Variations]"
Add component (AddParameter): Name = "Model"; Value = ""; VariantName = "[No Variations]"
Add component (AddParameter): Name = "Value"; Value = ""; VariantName = "[No Variations]"
Added Component: Designator=R53(CH0805R)
Add component (AddParameter): Name = "ComponentKind"; Value = ""; VariantName = "[No Variations]"
Add component (AddParameter): Name = "HelpURL"; Value = ""; VariantName = "[No Variations]"
Add component (AddParameter): Name = "Manufacturer"; Value = ""; VariantName = "[No Variations]"
Add component (AddParameter): Name = "Model"; Value = ""; VariantName = "[No Variations]"
Add component (AddParameter): Name = "Value"; Value = ""; VariantName = "[No Variations]"
Added Component: Designator=R54(CH0805R)
Add component (AddParameter): Name = "ComponentKind"; Value = ""; VariantName = "[No Variations]"
Add component (AddParameter): Name = "HelpURL"; Value = ""; VariantName = "[No Variations]"
Add component (AddParameter): Name = "Manufacturer"; Value = ""; VariantName = "[No Variations]"
Add component (AddParameter): Name = "Model"; Value = ""; VariantName = "[No Variations]"
Add component (AddParameter): Name = "Value"; Value = ""; VariantName = "[No Variations]"
Added Component: Designator=R?(CH0805R)
Add component (AddParameter): Name = "ComponentKind"; Value = ""; VariantName = "[No Variations]"
Add component (AddParameter): Name = "HelpURL"; Value = ""; VariantName = "[No Variations]"
Add component (AddParameter): Name = "Manufacturer"; Value = ""; VariantName = "[No Variations]"
Add component (AddParameter): Name = "Model"; Value = ""; VariantName = "[No Variations]"
Add component (AddParameter): Name = "Value"; Value = ""; VariantName = "[No Variations]"
Added Component: Designator=R?(CH0603R)
Add component (AddParameter): Name = "ComponentKind"; Value = ""; VariantName = "[No Variations]"
Add component (AddParameter): Name = "HelpURL"; Value = ""; VariantName = "[No Variations]"
Add component (AddParameter): Name = "Manufacturer"; Value = ""; VariantName = "[No Variations]"
Add component (AddParameter): Name = "Model"; Value = ""; VariantName = "[No Variations]"
Add component (AddParameter): Name = "Value"; Value = ""; VariantName = "[No Variations]"
Added Component: Designator=VD8(SOD123F)
Add component (AddParameter): Name = "ComponentKind"; Value = ""; VariantName = "[No Variations]"
Add component (AddParameter): Name = "HelpURL"; Value = ""; VariantName = "[No Variations]"
Add component (AddParameter): Name = "Manufacturer"; Value = ""; VariantName = "[No Variations]"
Add component (AddParameter): Name = "Model"; Value = ""; VariantName = "[No Variations]"
Added Component: Designator=VD9(SOT23_123)
Add component (AddParameter): Name = "ComponentKind"; Value = ""; VariantName = "[No Variations]"
Add component (AddParameter): Name = "HelpURL"; Value = ""; VariantName = "[No Variations]"
Add component (AddParameter): Name = "Manufacturer"; Value = ""; VariantName = "[No Variations]"
Add component (AddParameter): Name = "Model"; Value = ""; VariantName = "[No Variations]"
Added Component: Designator=VD10(CH0603LB)
Add component (AddParameter): Name = "ComponentKind"; Value = ""; VariantName = "[No Variations]"
Add component (AddParameter): Name = "HelpURL"; Value = ""; VariantName = "[No Variations]"
Add component (AddParameter): Name = "Manufacturer"; Value = ""; VariantName = "[No Variations]"
Add component (AddParameter): Name = "Model"; Value = ""; VariantName = "[No Variations]"
Add component (AddParameter): Name = "Value"; Value = ""; VariantName = "[No Variations]"
Added Component: Designator=VD11(SOD123F)
Add component (AddParameter): Name = "ComponentKind"; Value = ""; VariantName = "[No Variations]"
Add component (AddParameter): Name = "HelpURL"; Value = ""; VariantName = "[No Variations]"
Add component (AddParameter): Name = "Manufacturer"; Value = ""; VariantName = "[No Variations]"
Add component (AddParameter): Name = "Model"; Value = ""; VariantName = "[No Variations]"
Added Component: Designator=VD12(SOT23_123)
Add component (AddParameter): Name = "ComponentKind"; Value = ""; VariantName = "[No Variations]"
Add component (AddParameter): Name = "HelpURL"; Value = ""; VariantName = "[No Variations]"
Add component (AddParameter): Name = "Manufacturer"; Value = ""; VariantName = "[No Variations]"
Add component (AddParameter): Name = "Model"; Value = ""; VariantName = "[No Variations]"
Added Component: Designator=VD13(CH0603LB)
Add component (AddParameter): Name = "ComponentKind"; Value = ""; VariantName = "[No Variations]"
Add component (AddParameter): Name = "HelpURL"; Value = ""; VariantName = "[No Variations]"
Add component (AddParameter): Name = "Manufacturer"; Value = ""; VariantName = "[No Variations]"
Add component (AddParameter): Name = "Model"; Value = ""; VariantName = "[No Variations]"
Add component (AddParameter): Name = "Value"; Value = ""; VariantName = "[No Variations]"
Added Component: Designator=VD14(CH0603LB)
Add component (AddParameter): Name = "ComponentKind"; Value = ""; VariantName = "[No Variations]"
Add component (AddParameter): Name = "HelpURL"; Value = ""; VariantName = "[No Variations]"
Add component (AddParameter): Name = "Manufacturer"; Value = ""; VariantName = "[No Variations]"
Add component (AddParameter): Name = "Model"; Value = ""; VariantName = "[No Variations]"
Add component (AddParameter): Name = "Value"; Value = ""; VariantName = "[No Variations]"
Added Component: Designator=VD15(CH0603LB)
Add component (AddParameter): Name = "ComponentKind"; Value = ""; VariantName = "[No Variations]"
Add component (AddParameter): Name = "HelpURL"; Value = ""; VariantName = "[No Variations]"
Add component (AddParameter): Name = "Manufacturer"; Value = ""; VariantName = "[No Variations]"
Add component (AddParameter): Name = "Model"; Value = ""; VariantName = "[No Variations]"
Add component (AddParameter): Name = "Value"; Value = ""; VariantName = "[No Variations]"
Added Component: Designator=VD16(SMA)
Add component (AddParameter): Name = "ComponentKind"; Value = ""; VariantName = "[No Variations]"
Add component (AddParameter): Name = "HelpURL"; Value = ""; VariantName = "[No Variations]"
Add component (AddParameter): Name = "Manufacturer"; Value = ""; VariantName = "[No Variations]"
Add component (AddParameter): Name = "Model"; Value = ""; VariantName = "[No Variations]"
Added Component: Designator=VD17(SMA)
Add component (AddParameter): Name = "ComponentKind"; Value = ""; VariantName = "[No Variations]"
Add component (AddParameter): Name = "HelpURL"; Value = ""; VariantName = "[No Variations]"
Add component (AddParameter): Name = "Manufacturer"; Value = ""; VariantName = "[No Variations]"
Add component (AddParameter): Name = "Model"; Value = ""; VariantName = "[No Variations]"
Added Component: Designator=VD18(SMA)
Add component (AddParameter): Name = "ComponentKind"; Value = ""; VariantName = "[No Variations]"
Add component (AddParameter): Name = "HelpURL"; Value = ""; VariantName = "[No Variations]"
Add component (AddParameter): Name = "Manufacturer"; Value = ""; VariantName = "[No Variations]"
Add component (AddParameter): Name = "Model"; Value = ""; VariantName = "[No Variations]"
Added Component: Designator=VD19(SMA)
Add component (AddParameter): Name = "ComponentKind"; Value = ""; VariantName = "[No Variations]"
Add component (AddParameter): Name = "HelpURL"; Value = ""; VariantName = "[No Variations]"
Add component (AddParameter): Name = "Manufacturer"; Value = ""; VariantName = "[No Variations]"
Add component (AddParameter): Name = "Model"; Value = ""; VariantName = "[No Variations]"
Added Component: Designator=VD20(SMA)
Add component (AddParameter): Name = "ComponentKind"; Value = ""; VariantName = "[No Variations]"
Add component (AddParameter): Name = "HelpURL"; Value = ""; VariantName = "[No Variations]"
Add component (AddParameter): Name = "Manufacturer"; Value = ""; VariantName = "[No Variations]"
Add component (AddParameter): Name = "Model"; Value = ""; VariantName = "[No Variations]"
Added Component: Designator=VD21(SMA)
Add component (AddParameter): Name = "ComponentKind"; Value = ""; VariantName = "[No Variations]"
Add component (AddParameter): Name = "HelpURL"; Value = ""; VariantName = "[No Variations]"
Add component (AddParameter): Name = "Manufacturer"; Value = ""; VariantName = "[No Variations]"
Add component (AddParameter): Name = "Model"; Value = ""; VariantName = "[No Variations]"
Added Component: Designator=VD?(SOD123F)
Add component (AddParameter): Name = "ComponentKind"; Value = ""; VariantName = "[No Variations]"
Add component (AddParameter): Name = "HelpURL"; Value = ""; VariantName = "[No Variations]"
Add component (AddParameter): Name = "Manufacturer"; Value = ""; VariantName = "[No Variations]"
Add component (AddParameter): Name = "Model"; Value = ""; VariantName = "[No Variations]"
Added Component: Designator=VT4(SOT23_123)
Add component (AddParameter): Name = "ComponentKind"; Value = ""; VariantName = "[No Variations]"
Add component (AddParameter): Name = "HelpURL"; Value = ""; VariantName = "[No Variations]"
Add component (AddParameter): Name = "Manufacturer"; Value = ""; VariantName = "[No Variations]"
Add component (AddParameter): Name = "Model"; Value = ""; VariantName = "[No Variations]"
Added Component: Designator=X8(CON: PLS-14)
Add component (AddParameter): Name = "ComponentKind"; Value = ""; VariantName = "[No Variations]"
Add component (AddParameter): Name = "HelpURL"; Value = ""; VariantName = "[No Variations]"
Add component (AddParameter): Name = "Manufacturer"; Value = ""; VariantName = "[No Variations]"
Add component (AddParameter): Name = "Model"; Value = ""; VariantName = "[No Variations]"
Added Component: Designator=X9(CON: PLS-4)
Add component (AddParameter): Name = "ComponentKind"; Value = ""; VariantName = "[No Variations]"
Add component (AddParameter): Name = "HelpURL"; Value = ""; VariantName = "[No Variations]"
Add component (AddParameter): Name = "Manufacturer"; Value = ""; VariantName = "[No Variations]"
Add component (AddParameter): Name = "Model"; Value = ""; VariantName = "[No Variations]"
Added Component: Designator=X10(CON: CWF-4)
Add component (AddParameter): Name = "ComponentKind"; Value = ""; VariantName = "[No Variations]"
Add component (AddParameter): Name = "HelpURL"; Value = ""; VariantName = "[No Variations]"
Add component (AddParameter): Name = "Manufacturer"; Value = ""; VariantName = "[No Variations]"
Add component (AddParameter): Name = "Model"; Value = ""; VariantName = "[No Variations]"
Added Component: Designator=X11(CON: WJ06-02P)
Add component (AddParameter): Name = "ComponentKind"; Value = ""; VariantName = "[No Variations]"
Add component (AddParameter): Name = "HelpURL"; Value = ""; VariantName = "[No Variations]"
Add component (AddParameter): Name = "Manufacturer"; Value = ""; VariantName = "[No Variations]"
Add component (AddParameter): Name = "Model"; Value = ""; VariantName = "[No Variations]"
Added Component: Designator=Z?(OSC: 5032)
Add component (AddParameter): Name = "ComponentKind"; Value = ""; VariantName = "[No Variations]"
Add component (AddParameter): Name = "HelpURL"; Value = ""; VariantName = "[No Variations]"
Add component (AddParameter): Name = "Manufacturer"; Value = ""; VariantName = "[No Variations]"
Add component (AddParameter): Name = "Model"; Value = ""; VariantName = "[No Variations]"
Add component (AddParameter): Name = "Value"; Value = ""; VariantName = "[No Variations]"
Added Pin To Net: NetName=NetC5_1 Pin=BF1-1
Added Pin To Net: NetName=NetC5_1 Pin=C1-2
Added Pin To Net: NetName=NetC5_1 Pin=C3-1
Added Pin To Net: NetName=GND Pin=C4-1
Added Pin To Net: NetName=GND Pin=C6-1
Added Pin To Net: NetName=GND Pin=C11-1
Added Pin To Net: NetName=GND Pin=C12-1
Added Pin To Net: NetName=NetC5_1 Pin=C12-2
Added Pin To Net: NetName=NetC5_1 Pin=C13-1
Added Pin To Net: NetName=NetC5_1 Pin=C14-1
Added Pin To Net: NetName=GND Pin=C15-1
Added Pin To Net: NetName=NetC5_1 Pin=C15-2
Added Pin To Net: NetName=NetC5_1 Pin=C16-1
Added Pin To Net: NetName=GND Pin=C16-2
Added Pin To Net: NetName=GND Pin=C17-1
Added Pin To Net: NetName=NetC5_1 Pin=C17-2
Added Pin To Net: NetName=GND Pin=C18-1
Added Pin To Net: NetName=NetC5_1 Pin=C18-2
Added Pin To Net: NetName=GND Pin=C19-2
Added Pin To Net: NetName=GND Pin=C20-1
Added Pin To Net: NetName=GND Pin=C21-2
Added Pin To Net: NetName=GND Pin=C22-2
Added Pin To Net: NetName=GND Pin=C23-2
Added Pin To Net: NetName=GND Pin=C24-1
Added Pin To Net: NetName=GND Pin=C25-2
Added Pin To Net: NetName=NetC5_1 Pin=C26-1
Added Pin To Net: NetName=GND Pin=C26-2
Added Pin To Net: NetName=GND Pin=C?-1
Added Pin To Net: NetName=GND Pin=C?-1
Added Pin To Net: NetName=GND Pin=DA2-1
Added Pin To Net: NetName=NetC5_1 Pin=DA3-3
Added Pin To Net: NetName=NetC5_1 Pin=DA3-3
Added Pin To Net: NetName=NetC5_1 Pin=DD1-12
Added Pin To Net: NetName=NetC7_2 Pin=DD2-1
Added Pin To Net: NetName=NetC7_2 Pin=DD2-1
Added Pin To Net: NetName=GND Pin=DD2-12
Added Pin To Net: NetName=NetC5_1 Pin=DD2-13
Added Pin To Net: NetName=NetDD1_2 Pin=FU1-1
Added Pin To Net: NetName=NetDD1_3 Pin=FU3-1
Added Pin To Net: NetName=NetDD2_22 Pin=R2-2
Added Pin To Net: NetName=NetDD2_23 Pin=R3-2
Added Pin To Net: NetName=NetDD2_22 Pin=R5-2
Added Pin To Net: NetName=NetDD2_23 Pin=R6-2
Added Pin To Net: NetName=GND Pin=R33-1
Added Pin To Net: NetName=NetC5_1 Pin=R34-1
Added Pin To Net: NetName=GND Pin=R42-1
Added Pin To Net: NetName=GND Pin=R43-1
Added Pin To Net: NetName=NetC5_1 Pin=R48-2
Added Pin To Net: NetName=NetC5_1 Pin=R49-2
Added Pin To Net: NetName=NetC5_1 Pin=R50-2
Added Pin To Net: NetName=NetC5_1 Pin=R51-2
Added Pin To Net: NetName=GND Pin=R53-1
Added Pin To Net: NetName=NetC5_1 Pin=R?-2
Added Pin To Net: NetName=NetC5_1 Pin=VD1-1
Added Pin To Net: NetName=NetC7_2 Pin=VD1-2
Added Pin To Net: NetName=NetC5_1 Pin=VD6-2
Added Pin To Net: NetName=NetC5_1 Pin=VD7-2
Added Pin To Net: NetName=GND Pin=VD9-3
Added Pin To Net: NetName=GND Pin=VD10-2
Added Pin To Net: NetName=NetC5_1 Pin=VD11-2
Added Pin To Net: NetName=GND Pin=VD12-3
Added Pin To Net: NetName=GND Pin=VD14-2
Added Pin To Net: NetName=GND Pin=VD15-2
Added Pin To Net: NetName=GND Pin=VD18-1
Added Pin To Net: NetName=GND Pin=VD20-1
Added Pin To Net: NetName=NetC5_1 Pin=VD21-1
Added Pin To Net: NetName=NetC5_1 Pin=VD?-2
Added Pin To Net: NetName=GND Pin=VT2-3
Added Pin To Net: NetName=GND Pin=VT3-3
Added Pin To Net: NetName=GND Pin=VT3-3
Added Pin To Net: NetName=GND Pin=VT3-3
Added Pin To Net: NetName=GND Pin=VT3-3
Added Pin To Net: NetName=GND Pin=VT3-3
Added Pin To Net: NetName=GND Pin=VT3-3
Added Pin To Net: NetName=GND Pin=VT3-3
Added Pin To Net: NetName=GND Pin=VT4-3
Added Pin To Net: NetName=NetC5_1 Pin=X1-1
Added Pin To Net: NetName=GND Pin=X1-8
Added Pin To Net: NetName=GND Pin=X3-3
Added Pin To Net: NetName=GND Pin=X4-3
Added Pin To Net: NetName=GND Pin=X8-13
Added Pin To Net: NetName=NetC5_1 Pin=X8-14
Added Pin To Net: NetName=GND Pin=X10-3
Added Pin To Net: NetName=GND Pin=X11-2
Change Net Name : Old Net Name=NetC5_1 New Net Name=+3.3V
Added Pin To Net: NetName=+5V Pin=C11-2
Added Pin To Net: NetName=+5V Pin=C21-1
Added Pin To Net: NetName=+5V Pin=R47-1
Added Pin To Net: NetName=+5V Pin=VD8-2
Added Pin To Net: NetName=+5V Pin=VD16-1
Added Pin To Net: NetName=+5V Pin=DA2-3
Added Pin To Net: NetName=+5V Pin=DA2-3
Added Net: Name=+5V
Added Pin To Net: NetName=+12V Pin=C2-2
Added Pin To Net: NetName=+12V Pin=C8-1
Added Pin To Net: NetName=+12V Pin=C23-1
Added Pin To Net: NetName=+12V Pin=C25-1
Added Pin To Net: NetName=+12V Pin=DD1-1
Added Pin To Net: NetName=+12V Pin=FU5-1
Added Pin To Net: NetName=+12V Pin=L1-2
Added Pin To Net: NetName=+12V Pin=L2-2
Added Pin To Net: NetName=+12V Pin=R44-2
Added Pin To Net: NetName=+12V Pin=R54-2
Added Pin To Net: NetName=+12V Pin=VD4-2
Added Pin To Net: NetName=+12V Pin=VD5-2
Added Pin To Net: NetName=+12V Pin=VD17-2
Added Pin To Net: NetName=+12V Pin=VD19-2
Added Net: Name=+12V
Added Pin To Net: NetName=AIN1 Pin=DD1-10
Added Pin To Net: NetName=AIN1 Pin=DD2-40
Added Net: Name=AIN1
Added Pin To Net: NetName=AIN2 Pin=DD1-9
Added Pin To Net: NetName=AIN2 Pin=DD2-41
Added Net: Name=AIN2
Added Pin To Net: NetName=BACK_LIGHT Pin=R39-1
Added Pin To Net: NetName=BACK_LIGHT Pin=X8-7
Added Net: Name=BACK_LIGHT
Added Pin To Net: NetName=BIN1 Pin=DD1-8
Added Pin To Net: NetName=BIN1 Pin=DD2-38
Added Net: Name=BIN1
Added Pin To Net: NetName=BIN2 Pin=DD1-7
Added Pin To Net: NetName=BIN2 Pin=DD2-39
Added Net: Name=BIN2
Added Pin To Net: NetName=BOOT Pin=DD2-60
Added Pin To Net: NetName=BOOT Pin=R33-2
Added Pin To Net: NetName=BOOT Pin=X1-6
Added Net: Name=BOOT
Added Pin To Net: NetName=BP_SENS Pin=R?-1
Added Pin To Net: NetName=BP_SENS Pin=R?-1
Added Pin To Net: NetName=BP_SENS Pin=VD?-1
Added Pin To Net: NetName=BP_SENS Pin=X10-2
Added Net: Name=BP_SENS
Added Pin To Net: NetName=D_COM_EN Pin=R28-1
Added Pin To Net: NetName=D_COM_EN Pin=X8-12
Added Net: Name=D_COM_EN
Added Pin To Net: NetName=D_MISO Pin=R24-1
Added Pin To Net: NetName=D_MISO Pin=X8-6
Added Net: Name=D_MISO
Added Pin To Net: NetName=D_MOSI Pin=R25-1
Added Pin To Net: NetName=D_MOSI Pin=X8-9
Added Net: Name=D_MOSI
Added Pin To Net: NetName=D_RES Pin=R27-1
Added Pin To Net: NetName=D_RES Pin=X8-11
Added Net: Name=D_RES
Added Pin To Net: NetName=D_SCK Pin=R23-1
Added Pin To Net: NetName=D_SCK Pin=X8-8
Added Net: Name=D_SCK
Added Pin To Net: NetName=DATA/COMM Pin=R38-1
Added Pin To Net: NetName=DATA/COMM Pin=X8-10
Added Net: Name=DATA/COMM
Added Pin To Net: NetName=DB0 Pin=R7-1
Added Net: Name=DB0
Added Pin To Net: NetName=DB1 Pin=R8-1
Added Net: Name=DB1
Added Pin To Net: NetName=DB2 Pin=R9-1
Added Net: Name=DB2
Added Pin To Net: NetName=DB3 Pin=R10-1
Added Net: Name=DB3
Added Pin To Net: NetName=DB4 Pin=R11-1
Added Net: Name=DB4
Added Pin To Net: NetName=DB5 Pin=R12-1
Added Net: Name=DB5
Added Pin To Net: NetName=DB6 Pin=R13-1
Added Net: Name=DB6
Added Pin To Net: NetName=DB7 Pin=R14-1
Added Net: Name=DB7
Added Pin To Net: NetName=DB8 Pin=R15-1
Added Net: Name=DB8
Added Pin To Net: NetName=DB9 Pin=R16-1
Added Net: Name=DB9
Added Pin To Net: NetName=DB10 Pin=R17-1
Added Net: Name=DB10
Added Pin To Net: NetName=DB11 Pin=R18-1
Added Net: Name=DB11
Added Pin To Net: NetName=DB12 Pin=R19-1
Added Net: Name=DB12
Added Pin To Net: NetName=DB13 Pin=R20-1
Added Net: Name=DB13
Added Pin To Net: NetName=DB14 Pin=R21-1
Added Net: Name=DB14
Added Pin To Net: NetName=DB15 Pin=R22-1
Added Net: Name=DB15
Added Pin To Net: NetName=DP_SW Pin=R32-1
Added Pin To Net: NetName=DP_SW Pin=VD11-1
Added Pin To Net: NetName=DP_SW Pin=VD12-2
Added Pin To Net: NetName=DP_SW Pin=X6-1
Added Net: Name=DP_SW
Added Pin To Net: NetName=DRV_MODE Pin=DD1-11
Added Pin To Net: NetName=DRV_MODE Pin=DD2-52
Added Net: Name=DRV_MODE
Added Pin To Net: NetName=FCS Pin=R35-1
Added Net: Name=FCS
Added Pin To Net: NetName=METER_INP Pin=DD2-51
Added Pin To Net: NetName=METER_INP Pin=R46-1
Added Net: Name=METER_INP
Added Pin To Net: NetName=NetBF1_2 Pin=BF1-2
Added Pin To Net: NetName=NetBF1_2 Pin=VT4-2
Added Net: Name=NetBF1_2
Added Pin To Net: NetName=NetC5_1 Pin=C5-1
Added Pin To Net: NetName=NetC5_1 Pin=DD2-3
Added Pin To Net: NetName=NetC5_1 Pin=Z1-2
Added Net: Name=NetC5_1
Added Pin To Net: NetName=NetC6_2 Pin=C6-2
Added Pin To Net: NetName=NetC6_2 Pin=DD2-4
Added Pin To Net: NetName=NetC6_2 Pin=Z1-1
Added Net: Name=NetC6_2
Added Pin To Net: NetName=NetC19_1 Pin=C19-1
Added Pin To Net: NetName=NetC19_1 Pin=C20-2
Added Pin To Net: NetName=NetC19_1 Pin=DA2-2
Added Pin To Net: NetName=NetC19_1 Pin=L1-1
Added Pin To Net: NetName=NetC19_1 Pin=VD16-2
Added Net: Name=NetC19_1
Added Pin To Net: NetName=NetC22_1 Pin=C22-1
Added Pin To Net: NetName=NetC22_1 Pin=C24-2
Added Pin To Net: NetName=NetC22_1 Pin=DA3-2
Added Pin To Net: NetName=NetC22_1 Pin=L2-1
Added Pin To Net: NetName=NetC22_1 Pin=VD21-2
Added Net: Name=NetC22_1
Added Pin To Net: NetName=NetC?_2 Pin=C?-2
Added Pin To Net: NetName=NetC?_2 Pin=DD2-5
Added Pin To Net: NetName=NetC?_2 Pin=Z?-3
Added Net: Name=NetC?_2
Added Pin To Net: NetName=NetDA1_2 Pin=VD10-1
Added Net: Name=NetDA1_2
Added Pin To Net: NetName=NetDA1_4 Pin=R49-1
Added Net: Name=NetDA1_4
Added Pin To Net: NetName=NetDD1_4 Pin=DD1-4
Added Pin To Net: NetName=NetDD1_4 Pin=FU2-1
Added Net: Name=NetDD1_4
Added Pin To Net: NetName=NetDD1_5 Pin=DD1-5
Added Pin To Net: NetName=NetDD1_5 Pin=FU4-1
Added Net: Name=NetDD1_5
Added Pin To Net: NetName=NetDD2_10 Pin=DD2-10
Added Pin To Net: NetName=NetDD2_10 Pin=R35-2
Added Net: Name=NetDD2_10
Added Pin To Net: NetName=NetDD2_11 Pin=DD2-11
Added Pin To Net: NetName=NetDD2_11 Pin=R36-2
Added Net: Name=NetDD2_11
Added Pin To Net: NetName=NetDD2_14 Pin=DD2-14
Added Pin To Net: NetName=NetDD2_14 Pin=R27-2
Added Net: Name=NetDD2_14
Added Pin To Net: NetName=NetDD2_15 Pin=DD2-15
Added Pin To Net: NetName=NetDD2_15 Pin=R28-2
Added Net: Name=NetDD2_15
Added Pin To Net: NetName=NetDD2_16 Pin=DD2-16
Added Pin To Net: NetName=NetDD2_16 Pin=R29-2
Added Net: Name=NetDD2_16
Added Pin To Net: NetName=NetDD2_17 Pin=DD2-17
Added Pin To Net: NetName=NetDD2_17 Pin=R30-2
Added Net: Name=NetDD2_17
Added Pin To Net: NetName=NetDD2_20 Pin=DD2-20
Added Pin To Net: NetName=NetDD2_20 Pin=R31-2
Added Net: Name=NetDD2_20
Added Pin To Net: NetName=NetDD2_21 Pin=DD2-21
Added Pin To Net: NetName=NetDD2_21 Pin=R1-2
Added Pin To Net: NetName=NetDD2_21 Pin=R4-2
Added Net: Name=NetDD2_21
Added Pin To Net: NetName=NetDD2_24 Pin=DD2-24
Added Pin To Net: NetName=NetDD2_24 Pin=R37-2
Added Net: Name=NetDD2_24
Added Pin To Net: NetName=NetDD2_25 Pin=DD2-25
Added Pin To Net: NetName=NetDD2_25 Pin=R38-2
Added Net: Name=NetDD2_25
Added Pin To Net: NetName=NetDD2_26 Pin=DD2-26
Added Pin To Net: NetName=NetDD2_26 Pin=R7-2
Added Net: Name=NetDD2_26
Added Pin To Net: NetName=NetDD2_27 Pin=DD2-27
Added Pin To Net: NetName=NetDD2_27 Pin=R8-2
Added Net: Name=NetDD2_27
Added Pin To Net: NetName=NetDD2_28 Pin=DD2-28
Added Pin To Net: NetName=NetDD2_28 Pin=R9-2
Added Net: Name=NetDD2_28
Added Pin To Net: NetName=NetDD2_29 Pin=DD2-29
Added Pin To Net: NetName=NetDD2_29 Pin=R17-2
Added Net: Name=NetDD2_29
Added Pin To Net: NetName=NetDD2_30 Pin=DD2-30
Added Pin To Net: NetName=NetDD2_30 Pin=R18-2
Added Net: Name=NetDD2_30
Added Pin To Net: NetName=NetDD2_33 Pin=DD2-33
Added Pin To Net: NetName=NetDD2_33 Pin=R19-2
Added Net: Name=NetDD2_33
Added Pin To Net: NetName=NetDD2_34 Pin=DD2-34
Added Pin To Net: NetName=NetDD2_34 Pin=R20-2
Added Pin To Net: NetName=NetDD2_34 Pin=R23-2
Added Net: Name=NetDD2_34
Added Pin To Net: NetName=NetDD2_35 Pin=DD2-35
Added Pin To Net: NetName=NetDD2_35 Pin=R21-2
Added Pin To Net: NetName=NetDD2_35 Pin=R24-2
Added Net: Name=NetDD2_35
Added Pin To Net: NetName=NetDD2_36 Pin=DD2-36
Added Pin To Net: NetName=NetDD2_36 Pin=R22-2
Added Pin To Net: NetName=NetDD2_36 Pin=R25-2
Added Net: Name=NetDD2_36
Added Pin To Net: NetName=NetDD2_37 Pin=DD2-37
Added Pin To Net: NetName=NetDD2_37 Pin=R39-2
Added Net: Name=NetDD2_37
Added Pin To Net: NetName=NetDD2_44 Pin=DD2-44
Added Pin To Net: NetName=NetDD2_44 Pin=R32-2
Added Net: Name=NetDD2_44
Added Pin To Net: NetName=NetDD2_50 Pin=DD2-50
Added Pin To Net: NetName=NetDD2_50 Pin=R26-2
Added Net: Name=NetDD2_50
Added Pin To Net: NetName=NetDD2_53 Pin=DD2-53
Added Pin To Net: NetName=NetDD2_53 Pin=R?-2
Added Net: Name=NetDD2_53
Added Pin To Net: NetName=NetDD2_55 Pin=DD2-55
Added Pin To Net: NetName=NetDD2_55 Pin=R10-2
Added Net: Name=NetDD2_55
Added Pin To Net: NetName=NetDD2_56 Pin=DD2-56
Added Pin To Net: NetName=NetDD2_56 Pin=R11-2
Added Net: Name=NetDD2_56
Added Pin To Net: NetName=NetDD2_57 Pin=DD2-57
Added Pin To Net: NetName=NetDD2_57 Pin=R12-2
Added Net: Name=NetDD2_57
Added Pin To Net: NetName=NetDD2_58 Pin=DD2-58
Added Pin To Net: NetName=NetDD2_58 Pin=R13-2
Added Net: Name=NetDD2_58
Added Pin To Net: NetName=NetDD2_59 Pin=DD2-59
Added Pin To Net: NetName=NetDD2_59 Pin=R14-2
Added Net: Name=NetDD2_59
Added Pin To Net: NetName=NetDD2_61 Pin=DD2-61
Added Pin To Net: NetName=NetDD2_61 Pin=R15-2
Added Net: Name=NetDD2_61
Added Pin To Net: NetName=NetDD2_62 Pin=DD2-62
Added Pin To Net: NetName=NetDD2_62 Pin=R16-2
Added Net: Name=NetDD2_62
Added Pin To Net: NetName=NetFU1_2 Pin=FU1-2
Added Pin To Net: NetName=NetFU1_2 Pin=J1-2
Added Pin To Net: NetName=NetFU1_2 Pin=X2-1
Added Net: Name=NetFU1_2
Added Pin To Net: NetName=NetFU2_2 Pin=FU2-2
Added Pin To Net: NetName=NetFU2_2 Pin=J1-1
Added Net: Name=NetFU2_2
Added Pin To Net: NetName=NetFU3_2 Pin=FU3-2
Added Pin To Net: NetName=NetFU3_2 Pin=J2-2
Added Pin To Net: NetName=NetFU3_2 Pin=X2-2
Added Net: Name=NetFU3_2
Added Pin To Net: NetName=NetFU4_2 Pin=FU4-2
Added Pin To Net: NetName=NetFU4_2 Pin=J2-1
Added Net: Name=NetFU4_2
Added Pin To Net: NetName=NetFU5_2 Pin=FU5-2
Added Pin To Net: NetName=NetFU5_2 Pin=X5-2
Added Net: Name=NetFU5_2
Added Pin To Net: NetName=NetFU6_1 Pin=FU6-1
Added Pin To Net: NetName=NetFU6_1 Pin=X10-1
Added Net: Name=NetFU6_1
Added Pin To Net: NetName=NetFU6_2 Pin=FU6-2
Added Pin To Net: NetName=NetFU6_2 Pin=VD17-1
Added Pin To Net: NetName=NetFU6_2 Pin=VD18-2
Added Net: Name=NetFU6_2
Added Pin To Net: NetName=NetFU7_1 Pin=FU7-1
Added Pin To Net: NetName=NetFU7_1 Pin=X10-4
Added Net: Name=NetFU7_1
Added Pin To Net: NetName=NetFU7_2 Pin=FU7-2
Added Pin To Net: NetName=NetFU7_2 Pin=VD19-1
Added Pin To Net: NetName=NetFU7_2 Pin=VD20-2
Added Net: Name=NetFU7_2
Added Pin To Net: NetName=NetR40_1 Pin=R40-1
Added Pin To Net: NetName=NetR40_1 Pin=R42-2
Added Pin To Net: NetName=NetR40_1 Pin=VT1-1
Added Net: Name=NetR40_1
Added Pin To Net: NetName=NetR41_1 Pin=R41-1
Added Pin To Net: NetName=NetR41_1 Pin=R43-2
Added Pin To Net: NetName=NetR41_1 Pin=VT2-1
Added Net: Name=NetR41_1
Added Pin To Net: NetName=NetR44_1 Pin=R44-1
Added Pin To Net: NetName=NetR44_1 Pin=VD2-1
Added Net: Name=NetR44_1
Added Pin To Net: NetName=NetR45_1 Pin=R45-1
Added Pin To Net: NetName=NetR45_1 Pin=VD3-1
Added Net: Name=NetR45_1
Added Pin To Net: NetName=NetR45_2 Pin=R45-2
Added Pin To Net: NetName=NetR45_2 Pin=VD3-2
Added Pin To Net: NetName=NetR45_2 Pin=VD5-1
Added Pin To Net: NetName=NetR45_2 Pin=VT2-2
Added Pin To Net: NetName=NetR45_2 Pin=X5-3
Added Net: Name=NetR45_2
Added Pin To Net: NetName=NetR46_2 Pin=R46-2
Added Pin To Net: NetName=NetR46_2 Pin=VD8-1
Added Pin To Net: NetName=NetR46_2 Pin=X4-2
Added Net: Name=NetR46_2
Added Pin To Net: NetName=NetR47_2 Pin=R47-2
Added Pin To Net: NetName=NetR47_2 Pin=X4-1
Added Net: Name=NetR47_2
Added Pin To Net: NetName=NetR50_1 Pin=R50-1
Added Pin To Net: NetName=NetR50_1 Pin=VD13-1
Added Net: Name=NetR50_1
Added Pin To Net: NetName=NetR51_1 Pin=R51-1
Added Pin To Net: NetName=NetR51_1 Pin=VD14-1
Added Net: Name=NetR51_1
Added Pin To Net: NetName=NetR52_1 Pin=R52-1
Added Pin To Net: NetName=NetR52_1 Pin=R53-2
Added Pin To Net: NetName=NetR52_1 Pin=VT4-1
Added Net: Name=NetR52_1
Added Pin To Net: NetName=NetR54_1 Pin=R54-1
Added Pin To Net: NetName=NetR54_1 Pin=VD15-1
Added Net: Name=NetR54_1
Added Pin To Net: NetName=NetVD2_2 Pin=VD2-2
Added Pin To Net: NetName=NetVD2_2 Pin=VD4-1
Added Pin To Net: NetName=NetVD2_2 Pin=VT1-2
Added Pin To Net: NetName=NetVD2_2 Pin=X5-1
Added Net: Name=NetVD2_2
Added Pin To Net: NetName=NRST Pin=C4-2
Added Pin To Net: NetName=NRST Pin=DD2-7
Added Pin To Net: NetName=NRST Pin=R34-2
Added Pin To Net: NetName=NRST Pin=X1-7
Added Net: Name=NRST
Added Pin To Net: NetName=OBSTACLE_MODE Pin=R48-1
Added Pin To Net: NetName=OBSTACLE_MODE Pin=VT3-2
Added Net: Name=OBSTACLE_MODE
Added Pin To Net: NetName=READ_DATA Pin=R37-1
Added Net: Name=READ_DATA
Added Pin To Net: NetName=RELAY_1_ON Pin=DD2-8
Added Pin To Net: NetName=RELAY_1_ON Pin=R40-2
Added Net: Name=RELAY_1_ON
Added Pin To Net: NetName=RELAY_2_ON Pin=DD2-9
Added Pin To Net: NetName=RELAY_2_ON Pin=R41-2
Added Net: Name=RELAY_2_ON
Added Pin To Net: NetName=RX Pin=DD2-43
Added Pin To Net: NetName=RX Pin=VD7-1
Added Pin To Net: NetName=RX Pin=VD9-1
Added Pin To Net: NetName=RX Pin=X1-5
Added Pin To Net: NetName=RX Pin=X3-2
Added Net: Name=RX
Added Pin To Net: NetName=SD_CS Pin=R36-1
Added Pin To Net: NetName=SD_CS Pin=X9-1
Added Net: Name=SD_CS
Added Pin To Net: NetName=SD_MISO Pin=R2-1
Added Pin To Net: NetName=SD_MISO Pin=X9-3
Added Net: Name=SD_MISO
Added Pin To Net: NetName=SD_MOSI Pin=R3-1
Added Pin To Net: NetName=SD_MOSI Pin=X9-2
Added Net: Name=SD_MOSI
Added Pin To Net: NetName=SD_SCK Pin=R1-1
Added Pin To Net: NetName=SD_SCK Pin=X9-4
Added Net: Name=SD_SCK
Added Pin To Net: NetName=SOUND_ON Pin=DD2-54
Added Pin To Net: NetName=SOUND_ON Pin=R52-2
Added Net: Name=SOUND_ON
Added Pin To Net: NetName=SWCLK Pin=DD2-49
Added Pin To Net: NetName=SWCLK Pin=X1-3
Added Net: Name=SWCLK
Added Pin To Net: NetName=SWDIO Pin=DD2-46
Added Pin To Net: NetName=SWDIO Pin=X1-2
Added Net: Name=SWDIO
Added Pin To Net: NetName=T_CLK Pin=R4-1
Added Pin To Net: NetName=T_CLK Pin=X8-5
Added Net: Name=T_CLK
Added Pin To Net: NetName=T_CS Pin=R31-1
Added Pin To Net: NetName=T_CS Pin=X8-4
Added Net: Name=T_CS
Added Pin To Net: NetName=T_IRQ Pin=R30-1
Added Pin To Net: NetName=T_IRQ Pin=X8-1
Added Net: Name=T_IRQ
Added Pin To Net: NetName=T_MISO Pin=R5-1
Added Pin To Net: NetName=T_MISO Pin=X8-2
Added Net: Name=T_MISO
Added Pin To Net: NetName=T_MOSI Pin=R6-1
Added Pin To Net: NetName=T_MOSI Pin=X8-3
Added Net: Name=T_MOSI
Added Pin To Net: NetName=TX Pin=DD2-42
Added Pin To Net: NetName=TX Pin=VD6-1
Added Pin To Net: NetName=TX Pin=VD9-2
Added Pin To Net: NetName=TX Pin=X1-4
Added Pin To Net: NetName=TX Pin=X3-1
Added Net: Name=TX
Added Pin To Net: NetName=uC_LED Pin=DD2-45
Added Pin To Net: NetName=uC_LED Pin=VD13-2
Added Net: Name=uC_LED
Added Pin To Net: NetName=Vbat Pin=R26-1
Added Pin To Net: NetName=Vbat Pin=VD1-3
Added Pin To Net: NetName=Vbat Pin=X11-1
Added Net: Name=Vbat
Added Pin To Net: NetName=WR_DATA Pin=R29-1
Added Net: Name=WR_DATA
Change Class Name : Old Net Name=wtc New Net Name=1_uC
Change Class Name : Old Net Name=wtc_sh2 New Net Name=2_PowerPerif
Change Class Name : Old Net Name=wtc_sh3 New Net Name=3_InfoPerif
Added Class: Name=4_PowerSupplie
Added Member To Class: ClassName=3_InfoPerif Member=Component BF1 HCM1203X
Added Member To Class: ClassName=1_uC Member=Component C3 4,7uF
Added Member To Class: ClassName=1_uC Member=Component C4 4,7uF
Added Member To Class: ClassName=1_uC Member=Component C5 22pF
Added Member To Class: ClassName=1_uC Member=Component C6 22pF
Added Member To Class: ClassName=2_PowerPerif Member=Component C8 470uF, 25V
Added Member To Class: ClassName=3_InfoPerif Member=Component C11 0,1uF
Added Member To Class: ClassName=3_InfoPerif Member=Component C12 0.1u, 6.3V
Added Member To Class: ClassName=3_InfoPerif Member=Component C13 22u, 6.3V
Added Member To Class: ClassName=3_InfoPerif Member=Component C16 22u, 6.3V
Added Member To Class: ClassName=3_InfoPerif Member=Component C17 0.1u, 6.3V
Added Member To Class: ClassName=3_InfoPerif Member=Component C18 0.1u, 6.3V
Added Member To Class: ClassName=1_uC Member=Component C? 8pF
Added Member To Class: ClassName=1_uC Member=Component C? 8pF
Added Member To Class: ClassName=2_PowerPerif Member=Component FU1 LittleFuse, 467 Series, 2A
Added Member To Class: ClassName=2_PowerPerif Member=Component FU2 LittleFuse, 467 Series, 2A
Added Member To Class: ClassName=2_PowerPerif Member=Component FU3 LittleFuse, 467 Series, 2A
Added Member To Class: ClassName=2_PowerPerif Member=Component FU4 LittleFuse, 467 Series, 2A
Added Member To Class: ClassName=2_PowerPerif Member=Component FU5 LittleFuse, 467 Series, 1A
Added Member To Class: ClassName=2_PowerPerif Member=Component J1 Jumper-2
Added Member To Class: ClassName=2_PowerPerif Member=Component J2 Jumper-2
Added Member To Class: ClassName=1_uC Member=Component R1 330
Added Member To Class: ClassName=1_uC Member=Component R5 330
Added Member To Class: ClassName=1_uC Member=Component R6 330
Added Member To Class: ClassName=1_uC Member=Component R7 330
Added Member To Class: ClassName=1_uC Member=Component R8 330
Added Member To Class: ClassName=1_uC Member=Component R9 330
Added Member To Class: ClassName=1_uC Member=Component R10 330
Added Member To Class: ClassName=1_uC Member=Component R11 330
Added Member To Class: ClassName=1_uC Member=Component R12 330
Added Member To Class: ClassName=1_uC Member=Component R13 330
Added Member To Class: ClassName=1_uC Member=Component R14 330
Added Member To Class: ClassName=1_uC Member=Component R15 330
Added Member To Class: ClassName=1_uC Member=Component R16 330
Added Member To Class: ClassName=1_uC Member=Component R17 330
Added Member To Class: ClassName=1_uC Member=Component R18 330
Added Member To Class: ClassName=1_uC Member=Component R19 330
Added Member To Class: ClassName=1_uC Member=Component R20 330
Added Member To Class: ClassName=1_uC Member=Component R21 330
Added Member To Class: ClassName=1_uC Member=Component R22 330
Added Member To Class: ClassName=1_uC Member=Component R23 330
Added Member To Class: ClassName=1_uC Member=Component R24 330
Added Member To Class: ClassName=1_uC Member=Component R25 330
Added Member To Class: ClassName=1_uC Member=Component R26 100k
Added Member To Class: ClassName=1_uC Member=Component R27 330
Added Member To Class: ClassName=1_uC Member=Component R28 330
Added Member To Class: ClassName=1_uC Member=Component R29 330
Added Member To Class: ClassName=1_uC Member=Component R30 330
Added Member To Class: ClassName=1_uC Member=Component R31 330
Added Member To Class: ClassName=1_uC Member=Component R32 330
Added Member To Class: ClassName=1_uC Member=Component R33 10K
Added Member To Class: ClassName=1_uC Member=Component R34 10K
Added Member To Class: ClassName=1_uC Member=Component R35 330
Added Member To Class: ClassName=1_uC Member=Component R36 330
Added Member To Class: ClassName=1_uC Member=Component R37 330
Added Member To Class: ClassName=1_uC Member=Component R38 330
Added Member To Class: ClassName=1_uC Member=Component R39 330
Added Member To Class: ClassName=2_PowerPerif Member=Component R40 100
Added Member To Class: ClassName=2_PowerPerif Member=Component R41 100
Added Member To Class: ClassName=2_PowerPerif Member=Component R42 4.7k
Added Member To Class: ClassName=2_PowerPerif Member=Component R43 4.7k
Added Member To Class: ClassName=2_PowerPerif Member=Component R44 15k
Added Member To Class: ClassName=2_PowerPerif Member=Component R45 15k
Added Member To Class: ClassName=3_InfoPerif Member=Component R46 330
Added Member To Class: ClassName=3_InfoPerif Member=Component R47 100
Added Member To Class: ClassName=3_InfoPerif Member=Component R48 3.3k
Added Member To Class: ClassName=3_InfoPerif Member=Component R49 33
Added Member To Class: ClassName=3_InfoPerif Member=Component R50 1k
Added Member To Class: ClassName=3_InfoPerif Member=Component R51 3k
Added Member To Class: ClassName=3_InfoPerif Member=Component R52 100
Added Member To Class: ClassName=3_InfoPerif Member=Component R53 4.7k
Added Member To Class: ClassName=3_InfoPerif Member=Component R54 15k
Added Member To Class: ClassName=1_uC Member=Component R? 330
Added Member To Class: ClassName=1_uC Member=Component VD1 *
Added Member To Class: ClassName=2_PowerPerif Member=Component VD2 GREEN
Added Member To Class: ClassName=2_PowerPerif Member=Component VD3 YELLOW
Added Member To Class: ClassName=2_PowerPerif Member=Component VD4 B340A-E3/61T
Added Member To Class: ClassName=2_PowerPerif Member=Component VD5 B340A-E3/61T
Added Member To Class: ClassName=3_InfoPerif Member=Component VD8 F1J
Added Member To Class: ClassName=3_InfoPerif Member=Component VD9 *
Added Member To Class: ClassName=3_InfoPerif Member=Component VD10 TSML1000
Added Member To Class: ClassName=3_InfoPerif Member=Component VD11 F1J
Added Member To Class: ClassName=3_InfoPerif Member=Component VD12 *
Added Member To Class: ClassName=3_InfoPerif Member=Component VD13 BLUE
Added Member To Class: ClassName=3_InfoPerif Member=Component VD14 RED
Added Member To Class: ClassName=3_InfoPerif Member=Component VD15 ORANGE
Added Member To Class: ClassName=2_PowerPerif Member=Component VT1 IRLL014TRPBF
Added Member To Class: ClassName=3_InfoPerif Member=Component VT3 TEMT1000
Added Member To Class: ClassName=3_InfoPerif Member=Component VT4 2N7002
Added Member To Class: ClassName=1_uC Member=Component X1 *
Added Member To Class: ClassName=2_PowerPerif Member=Component X2 *
Added Member To Class: ClassName=3_InfoPerif Member=Component X8 *
Added Member To Class: ClassName=3_InfoPerif Member=Component X9 *
Added Member To Class: ClassName=1_uC Member=Component Z? NX5032GA-8MHz
