Removed Pin From Net: NetName=NetC6_2 Pin=U1-2
Removed Pin From Net: NetName=NetC6_2 Pin=U1-5
Removed Pin From Net: NetName=GND Pin=U1-7
Removed Pin From Net: NetName=NetDA1_3 Pin=U1-10
Removed Pin From Net: NetName=NetDA1_2 Pin=U1-11
Removed Pin From Net: NetName=GND Pin=U2-7
Removed Pin From Net: NetName=NetC6_2 Pin=U3-2
Removed Pin From Net: NetName=NetC6_2 Pin=U3-5
Removed Pin From Net: NetName=GND Pin=U3-7
Removed Pin From Net: NetName=NetDA2_3 Pin=U3-10
Removed Pin From Net: NetName=NetDA2_2 Pin=U3-11
Removed Pin From Net: NetName=NetR1_2 Pin=VD2-1
Removed Pin From Net: NetName=NetDA1_7 Pin=VD2-2
Removed Pin From Net: NetName=NetR5_2 Pin=VD3-1
Removed Pin From Net: NetName=NetDA1_5 Pin=VD3-2
Removed Pin From Net: NetName=NetR8_2 Pin=VD5-1
Removed Pin From Net: NetName=NetDA2_7 Pin=VD5-2
Removed Pin From Net: NetName=NetR12_2 Pin=VD6-1
Removed Pin From Net: NetName=NetDA2_5 Pin=VD6-2
Removed Pin From Net: NetName=GND Pin=X1-6
Removed Pin From Net: NetName=3.3 Pin=X1-8
Removed Member From Class: ClassName=1_DD Member=U1
Removed Member From Class: ClassName=1_DD Member=U2
Removed Member From Class: ClassName=1_DD Member=U3
Removed Member From Class: ClassName=1_DD Member=VD2
Removed Member From Class: ClassName=1_DD Member=VD3
Removed Member From Class: ClassName=1_DD Member=VD5
Removed Member From Class: ClassName=1_DD Member=VD6
Added Pin To Net: NetName=NetDA1_2 Pin=R3-2
Added Pin To Net: NetName=NetDA1_3 Pin=R4-2
Added Pin To Net: NetName=NetDA2_2 Pin=R10-2
Added Pin To Net: NetName=NetDA2_3 Pin=R11-2
Added Pin To Net: NetName=NetDA1_2 Pin=X1-2
Added Pin To Net: NetName=NetDA1_3 Pin=X1-3
Added Pin To Net: NetName=NetDA2_2 Pin=X1-4
Added Pin To Net: NetName=NetDA2_3 Pin=X1-5
Added Pin To Net: NetName=NetC6_2 Pin=X1-6
